{"meta": {"format": 3, "version": "7.13.5", "timestamp": "2026-05-23T23:59:17.495391", "branch_coverage": false, "show_contexts": false}, "files": {"__init__.py": {"executed_lines": [], "summary": {"covered_lines": 0, "num_statements": 0, "percent_covered": 100.0, "percent_covered_display": "100", "missing_lines": 0, "excluded_lines": 0, "percent_statements_covered": 100.0, "percent_statements_covered_display": "100"}, "missing_lines": [], "excluded_lines": [], "functions": {"": {"executed_lines": [], "summary": {"covered_lines": 0, "num_statements": 0, "percent_covered": 100.0, "percent_covered_display": "100", "missing_lines": 0, "excluded_lines": 0, "percent_statements_covered": 100.0, "percent_statements_covered_display": "100"}, "missing_lines": [], "excluded_lines": [], "start_line": 1}}, "classes": {"": {"executed_lines": [], "summary": {"covered_lines": 0, "num_statements": 0, "percent_covered": 100.0, "percent_covered_display": "100", "missing_lines": 0, "excluded_lines": 0, "percent_statements_covered": 100.0, "percent_statements_covered_display": "100"}, "missing_lines": [], "excluded_lines": [], "start_line": 1}}}, "agent\\__init__.py": {"executed_lines": [], "summary": {"covered_lines": 0, "num_statements": 3, "percent_covered": 0.0, "percent_covered_display": "0", "missing_lines": 3, "excluded_lines": 0, "percent_statements_covered": 0.0, "percent_statements_covered_display": "0"}, "missing_lines": [3, 4, 6], "excluded_lines": [], "functions": {"": {"executed_lines": [], "summary": {"covered_lines": 0, "num_statements": 3, "percent_covered": 0.0, "percent_covered_display": "0", "missing_lines": 3, "excluded_lines": 0, "percent_statements_covered": 0.0, "percent_statements_covered_display": "0"}, "missing_lines": [3, 4, 6], "excluded_lines": [], "start_line": 1}}, "classes": {"": {"executed_lines": [], "summary": {"covered_lines": 0, "num_statements": 3, "percent_covered": 0.0, "percent_covered_display": "0", "missing_lines": 3, "excluded_lines": 0, "percent_statements_covered": 0.0, "percent_statements_covered_display": "0"}, "missing_lines": [3, 4, 6], "excluded_lines": [], "start_line": 1}}}, "agent\\core.py": {"executed_lines": [], "summary": {"covered_lines": 0, "num_statements": 866, "percent_covered": 0.0, "percent_covered_display": "0", "missing_lines": 866, "excluded_lines": 0, "percent_statements_covered": 0.0, "percent_statements_covered_display": "0"}, "missing_lines": [3, 5, 6, 7, 8, 9, 10, 11, 12, 13, 15, 16, 17, 18, 20, 21, 22, 41, 42, 43, 44, 45, 46, 48, 51, 52, 53, 54, 55, 56, 59, 60, 61, 62, 63, 64, 65, 66, 67, 68, 69, 70, 71, 72, 73, 74, 75, 76, 77, 78, 81, 83, 84, 85, 86, 88, 89, 90, 91, 92, 93, 95, 96, 99, 100, 102, 103, 104, 106, 107, 108, 109, 110, 111, 112, 114, 115, 116, 117, 118, 120, 122, 123, 124, 125, 126, 127, 129, 130, 132, 133, 135, 136, 137, 138, 139, 140, 143, 144, 145, 147, 154, 155, 157, 158, 161, 163, 164, 165, 168, 169, 170, 171, 172, 173, 174, 175, 176, 177, 178, 179, 182, 183, 184, 185, 186, 187, 188, 189, 190, 191, 192, 193, 196, 197, 198, 200, 207, 208, 209, 212, 213, 214, 215, 216, 217, 218, 219, 220, 221, 222, 223, 224, 226, 228, 230, 231, 232, 235, 236, 237, 240, 243, 244, 245, 246, 249, 250, 252, 254, 257, 260, 261, 262, 263, 264, 267, 268, 271, 272, 273, 274, 277, 280, 281, 282, 283, 285, 287, 298, 299, 312, 313, 315, 316, 318, 320, 322, 323, 324, 325, 326, 328, 330, 336, 338, 340, 349, 356, 357, 358, 360, 371, 381, 383, 384, 386, 387, 388, 389, 390, 391, 393, 394, 395, 396, 397, 400, 401, 402, 403, 405, 406, 407, 416, 417, 418, 419, 420, 421, 422, 424, 425, 427, 429, 430, 431, 432, 435, 438, 439, 446, 447, 452, 453, 485, 486, 487, 488, 491, 492, 493, 494, 496, 497, 498, 499, 500, 501, 503, 504, 505, 507, 509, 510, 512, 517, 518, 524, 530, 536, 538, 545, 546, 547, 548, 549, 551, 553, 554, 555, 556, 557, 558, 559, 562, 563, 565, 567, 572, 573, 574, 576, 578, 579, 580, 583, 584, 585, 588, 591, 592, 593, 595, 596, 598, 601, 602, 603, 604, 607, 608, 609, 612, 613, 615, 616, 617, 618, 619, 620, 621, 622, 623, 625, 626, 627, 628, 629, 630, 631, 632, 633, 635, 637, 638, 639, 642, 644, 645, 646, 647, 648, 649, 650, 651, 654, 655, 656, 658, 670, 679, 680, 681, 682, 684, 686, 687, 688, 689, 690, 691, 692, 693, 694, 697, 699, 701, 708, 716, 718, 720, 721, 722, 723, 724, 725, 727, 729, 730, 731, 742, 748, 749, 750, 751, 752, 754, 755, 757, 758, 760, 761, 762, 763, 764, 766, 767, 768, 770, 771, 772, 774, 775, 776, 777, 778, 779, 780, 781, 784, 786, 787, 788, 790, 791, 792, 794, 795, 796, 798, 799, 802, 808, 809, 810, 812, 813, 814, 815, 816, 817, 818, 820, 821, 822, 823, 824, 825, 826, 827, 828, 829, 830, 831, 832, 833, 834, 835, 836, 839, 844, 845, 846, 854, 856, 858, 859, 860, 862, 863, 864, 865, 868, 870, 871, 873, 874, 877, 878, 879, 880, 881, 882, 883, 884, 885, 886, 887, 890, 891, 892, 893, 894, 895, 897, 898, 899, 900, 902, 903, 905, 906, 907, 910, 911, 912, 913, 914, 916, 917, 918, 919, 920, 922, 923, 924, 925, 926, 928, 929, 930, 931, 932, 933, 934, 937, 938, 939, 940, 942, 943, 946, 947, 948, 949, 950, 953, 954, 955, 958, 959, 960, 961, 962, 963, 964, 965, 968, 969, 970, 971, 972, 973, 976, 978, 979, 981, 986, 987, 988, 989, 990, 991, 992, 993, 994, 995, 997, 998, 999, 1002, 1006, 1021, 1022, 1023, 1024, 1025, 1027, 1028, 1029, 1030, 1042, 1047, 1048, 1054, 1055, 1058, 1063, 1064, 1065, 1071, 1072, 1073, 1076, 1077, 1080, 1081, 1082, 1083, 1085, 1086, 1087, 1088, 1089, 1090, 1092, 1093, 1094, 1096, 1097, 1099, 1101, 1107, 1108, 1111, 1117, 1118, 1119, 1125, 1128, 1129, 1130, 1132, 1133, 1140, 1143, 1144, 1152, 1155, 1160, 1161, 1162, 1165, 1166, 1167, 1168, 1175, 1179, 1180, 1182, 1183, 1184, 1185, 1186, 1187, 1188, 1189, 1190, 1191, 1192, 1193, 1194, 1200, 1201, 1202, 1203, 1204, 1205, 1206, 1209, 1210, 1211, 1215, 1216, 1217, 1218, 1219, 1220, 1221, 1222, 1223, 1224, 1225, 1226, 1228, 1233, 1235, 1236, 1237, 1239, 1248, 1249, 1250, 1251, 1252, 1255, 1258, 1259, 1260, 1262, 1263, 1264, 1267, 1268, 1270, 1271, 1272, 1273, 1274, 1275, 1276, 1277, 1278, 1281, 1282, 1283, 1284, 1285, 1286, 1287, 1290, 1291, 1292, 1293, 1294, 1297, 1298, 1301, 1302, 1310, 1311, 1314, 1315, 1316, 1317, 1318, 1321, 1330, 1331, 1332, 1333, 1335, 1336, 1339, 1340, 1341, 1344, 1345, 1346, 1347, 1348, 1349, 1350, 1351, 1352, 1353, 1354, 1355, 1356, 1357, 1359, 1360, 1361, 1362, 1365, 1366, 1367, 1368, 1369, 1371, 1372, 1374, 1375, 1376, 1377, 1378, 1379, 1380, 1381, 1384, 1385, 1386, 1388, 1399, 1408, 1409, 1410, 1411, 1413, 1414, 1415, 1416, 1419, 1420, 1421, 1422, 1424, 1425, 1432, 1435, 1439, 1440, 1441, 1442, 1443, 1444, 1445, 1446, 1447, 1448, 1449, 1450, 1451, 1452, 1453, 1455, 1456, 1458, 1459, 1465, 1468, 1474, 1475, 1476, 1483, 1484, 1485, 1486, 1488, 1489, 1490, 1492, 1493, 1494, 1496, 1497, 1500, 1501, 1504, 1512, 1515, 1529, 1530, 1531, 1534, 1542, 1543, 1546, 1547, 1548, 1549, 1561, 1562, 1564, 1565, 1572, 1573, 1576, 1577, 1585, 1586, 1588, 1589, 1591, 1596, 1597, 1598, 1604, 1611, 1612, 1620, 1621, 1622, 1628, 1629], "excluded_lines": [], "functions": {"localize_ast_error": {"executed_lines": [], "summary": {"covered_lines": 0, "num_statements": 73, "percent_covered": 0.0, "percent_covered_display": "0", "missing_lines": 73, "excluded_lines": 0, "percent_statements_covered": 0.0, "percent_statements_covered_display": "0"}, "missing_lines": [83, 84, 85, 86, 88, 89, 90, 91, 92, 93, 95, 96, 99, 100, 102, 103, 104, 106, 107, 114, 120, 129, 132, 133, 135, 136, 137, 138, 139, 140, 143, 144, 145, 147, 154, 155, 157, 158, 161, 163, 164, 165, 168, 169, 170, 171, 172, 173, 174, 175, 176, 177, 178, 179, 182, 183, 184, 185, 186, 187, 188, 189, 190, 191, 192, 193, 196, 197, 198, 200, 207, 208, 209], "excluded_lines": [], "start_line": 81}, "localize_ast_error.ErrorLocFinder.__init__": {"executed_lines": [], "summary": {"covered_lines": 0, "num_statements": 5, "percent_covered": 0.0, "percent_covered_display": "0", "missing_lines": 5, "excluded_lines": 0, "percent_statements_covered": 0.0, "percent_statements_covered_display": "0"}, "missing_lines": [108, 109, 110, 111, 112], "excluded_lines": [], "start_line": 107}, "localize_ast_error.ErrorLocFinder.visit_ClassDef": {"executed_lines": [], "summary": {"covered_lines": 0, "num_statements": 4, "percent_covered": 0.0, "percent_covered_display": "0", "missing_lines": 4, "excluded_lines": 0, "percent_statements_covered": 0.0, "percent_statements_covered_display": "0"}, "missing_lines": [115, 116, 117, 118], "excluded_lines": [], "start_line": 114}, "localize_ast_error.ErrorLocFinder.visit_FunctionDef": {"executed_lines": [], "summary": {"covered_lines": 0, "num_statements": 6, "percent_covered": 0.0, "percent_covered_display": "0", "missing_lines": 6, "excluded_lines": 0, "percent_statements_covered": 0.0, "percent_statements_covered_display": "0"}, "missing_lines": [122, 123, 124, 125, 126, 127], "excluded_lines": [], "start_line": 120}, "localize_ast_error.ErrorLocFinder.visit_AsyncFunctionDef": {"executed_lines": [], "summary": {"covered_lines": 0, "num_statements": 1, "percent_covered": 0.0, "percent_covered_display": "0", "missing_lines": 1, "excluded_lines": 0, "percent_statements_covered": 0.0, "percent_statements_covered_display": "0"}, "missing_lines": [130], "excluded_lines": [], "start_line": 129}, "SharrowkinAgent.__init__": {"executed_lines": [], "summary": {"covered_lines": 0, "num_statements": 11, "percent_covered": 0.0, "percent_covered_display": "0", "missing_lines": 11, "excluded_lines": 0, "percent_statements_covered": 0.0, "percent_statements_covered_display": "0"}, "missing_lines": [214, 215, 216, 217, 218, 219, 220, 221, 222, 223, 224], "excluded_lines": [], "start_line": 213}, "SharrowkinAgent._get_energy_ledger": {"executed_lines": [], "summary": {"covered_lines": 0, "num_statements": 37, "percent_covered": 0.0, "percent_covered_display": "0", "missing_lines": 37, "excluded_lines": 0, "percent_statements_covered": 0.0, "percent_statements_covered_display": "0"}, "missing_lines": [228, 230, 231, 232, 235, 236, 237, 240, 243, 244, 245, 246, 249, 250, 252, 254, 257, 260, 261, 262, 263, 264, 267, 268, 271, 272, 273, 274, 277, 280, 281, 282, 283, 285, 287, 298, 299], "excluded_lines": [], "start_line": 226}, "SharrowkinAgent._phase": {"executed_lines": [], "summary": {"covered_lines": 0, "num_statements": 1, "percent_covered": 0.0, "percent_covered_display": "0", "missing_lines": 1, "excluded_lines": 0, "percent_statements_covered": 0.0, "percent_statements_covered_display": "0"}, "missing_lines": [313], "excluded_lines": [], "start_line": 312}, "SharrowkinAgent._log": {"executed_lines": [], "summary": {"covered_lines": 0, "num_statements": 1, "percent_covered": 0.0, "percent_covered_display": "0", "missing_lines": 1, "excluded_lines": 0, "percent_statements_covered": 0.0, "percent_statements_covered_display": "0"}, "missing_lines": [316], "excluded_lines": [], "start_line": 315}, "SharrowkinAgent._task_update": {"executed_lines": [], "summary": {"covered_lines": 0, "num_statements": 1, "percent_covered": 0.0, "percent_covered_display": "0", "missing_lines": 1, "excluded_lines": 0, "percent_statements_covered": 0.0, "percent_statements_covered_display": "0"}, "missing_lines": [320], "excluded_lines": [], "start_line": 318}, "SharrowkinAgent._status": {"executed_lines": [], "summary": {"covered_lines": 0, "num_statements": 4, "percent_covered": 0.0, "percent_covered_display": "0", "missing_lines": 4, "excluded_lines": 0, "percent_statements_covered": 0.0, "percent_statements_covered_display": "0"}, "missing_lines": [323, 324, 325, 326], "excluded_lines": [], "start_line": 322}, "SharrowkinAgent._repo_selector": {"executed_lines": [], "summary": {"covered_lines": 0, "num_statements": 1, "percent_covered": 0.0, "percent_covered_display": "0", "missing_lines": 1, "excluded_lines": 0, "percent_statements_covered": 0.0, "percent_statements_covered_display": "0"}, "missing_lines": [330], "excluded_lines": [], "start_line": 328}, "SharrowkinAgent._thinking": {"executed_lines": [], "summary": {"covered_lines": 0, "num_statements": 1, "percent_covered": 0.0, "percent_covered_display": "0", "missing_lines": 1, "excluded_lines": 0, "percent_statements_covered": 0.0, "percent_statements_covered_display": "0"}, "missing_lines": [338], "excluded_lines": [], "start_line": 336}, "SharrowkinAgent._tool_activity": {"executed_lines": [], "summary": {"covered_lines": 0, "num_statements": 4, "percent_covered": 0.0, "percent_covered_display": "0", "missing_lines": 4, "excluded_lines": 0, "percent_statements_covered": 0.0, "percent_statements_covered_display": "0"}, "missing_lines": [349, 356, 357, 358], "excluded_lines": [], "start_line": 340}, "SharrowkinAgent._tool_call": {"executed_lines": [], "summary": {"covered_lines": 0, "num_statements": 1, "percent_covered": 0.0, "percent_covered_display": "0", "missing_lines": 1, "excluded_lines": 0, "percent_statements_covered": 0.0, "percent_statements_covered_display": "0"}, "missing_lines": [371], "excluded_lines": [], "start_line": 360}, "SharrowkinAgent._format_history": {"executed_lines": [], "summary": {"covered_lines": 0, "num_statements": 13, "percent_covered": 0.0, "percent_covered_display": "0", "missing_lines": 13, "excluded_lines": 0, "percent_statements_covered": 0.0, "percent_statements_covered_display": "0"}, "missing_lines": [383, 384, 386, 387, 388, 389, 390, 391, 393, 394, 395, 396, 397], "excluded_lines": [], "start_line": 381}, "SharrowkinAgent.run": {"executed_lines": [], "summary": {"covered_lines": 0, "num_statements": 232, "percent_covered": 0.0, "percent_covered_display": "0", "missing_lines": 232, "excluded_lines": 0, "percent_statements_covered": 0.0, "percent_statements_covered_display": "0"}, "missing_lines": [401, 402, 403, 405, 406, 407, 416, 417, 418, 419, 420, 421, 422, 424, 425, 427, 429, 430, 431, 432, 435, 438, 439, 446, 447, 452, 453, 485, 486, 487, 488, 491, 492, 493, 494, 496, 497, 498, 499, 500, 501, 503, 504, 505, 507, 509, 510, 512, 517, 518, 524, 530, 536, 538, 545, 546, 547, 548, 549, 551, 553, 554, 555, 556, 557, 558, 559, 562, 563, 565, 567, 572, 573, 574, 576, 578, 579, 580, 583, 584, 585, 588, 591, 592, 593, 595, 596, 598, 601, 602, 603, 604, 607, 608, 609, 612, 613, 615, 616, 617, 618, 619, 620, 621, 622, 623, 625, 626, 627, 628, 629, 630, 631, 632, 633, 635, 637, 638, 639, 642, 644, 645, 646, 647, 648, 649, 650, 651, 654, 655, 656, 658, 670, 679, 680, 681, 682, 684, 686, 687, 688, 689, 690, 691, 692, 693, 694, 697, 699, 701, 708, 716, 718, 720, 721, 722, 723, 724, 725, 727, 729, 730, 731, 742, 748, 749, 750, 751, 752, 754, 755, 757, 758, 760, 761, 762, 763, 764, 766, 767, 768, 770, 771, 772, 774, 775, 776, 777, 778, 779, 780, 781, 784, 786, 787, 788, 790, 791, 792, 794, 795, 796, 798, 799, 802, 808, 809, 810, 812, 813, 814, 815, 816, 817, 818, 820, 821, 822, 823, 824, 825, 826, 827, 828, 829, 830, 831, 832, 833, 834, 835, 836], "excluded_lines": [], "start_line": 400}, "SharrowkinAgent._observe": {"executed_lines": [], "summary": {"covered_lines": 0, "num_statements": 126, "percent_covered": 0.0, "percent_covered_display": "0", "missing_lines": 126, "excluded_lines": 0, "percent_statements_covered": 0.0, "percent_statements_covered_display": "0"}, "missing_lines": [844, 845, 846, 854, 856, 858, 859, 860, 862, 863, 864, 865, 868, 870, 871, 873, 874, 877, 878, 879, 880, 881, 882, 883, 884, 885, 886, 887, 890, 891, 892, 893, 894, 895, 897, 898, 899, 900, 902, 903, 905, 906, 907, 910, 911, 912, 913, 914, 916, 917, 918, 919, 920, 922, 923, 924, 925, 926, 928, 929, 930, 931, 932, 933, 934, 937, 938, 939, 940, 942, 943, 946, 947, 948, 949, 950, 953, 954, 955, 958, 959, 960, 961, 962, 963, 964, 965, 968, 969, 970, 971, 972, 973, 976, 978, 979, 981, 986, 987, 988, 989, 990, 991, 992, 993, 994, 995, 997, 998, 999, 1002, 1006, 1021, 1022, 1023, 1024, 1025, 1027, 1028, 1029, 1030, 1042, 1047, 1048, 1054, 1055], "excluded_lines": [], "start_line": 839}, "SharrowkinAgent._recall": {"executed_lines": [], "summary": {"covered_lines": 0, "num_statements": 27, "percent_covered": 0.0, "percent_covered_display": "0", "missing_lines": 27, "excluded_lines": 0, "percent_statements_covered": 0.0, "percent_statements_covered_display": "0"}, "missing_lines": [1063, 1064, 1065, 1071, 1072, 1073, 1076, 1077, 1080, 1081, 1082, 1083, 1085, 1086, 1087, 1088, 1089, 1090, 1092, 1093, 1094, 1096, 1097, 1099, 1101, 1107, 1108], "excluded_lines": [], "start_line": 1058}, "SharrowkinAgent._reason": {"executed_lines": [], "summary": {"covered_lines": 0, "num_statements": 194, "percent_covered": 0.0, "percent_covered_display": "0", "missing_lines": 194, "excluded_lines": 0, "percent_statements_covered": 0.0, "percent_statements_covered_display": "0"}, "missing_lines": [1117, 1118, 1119, 1125, 1128, 1129, 1130, 1132, 1133, 1140, 1143, 1152, 1155, 1160, 1161, 1162, 1165, 1166, 1167, 1168, 1175, 1179, 1180, 1182, 1183, 1184, 1185, 1186, 1187, 1188, 1189, 1190, 1191, 1192, 1193, 1194, 1200, 1201, 1202, 1203, 1204, 1205, 1206, 1209, 1210, 1211, 1215, 1216, 1217, 1218, 1219, 1220, 1221, 1222, 1223, 1224, 1225, 1226, 1228, 1233, 1235, 1236, 1237, 1239, 1248, 1249, 1250, 1251, 1252, 1255, 1258, 1259, 1260, 1262, 1263, 1264, 1267, 1268, 1270, 1271, 1272, 1273, 1274, 1275, 1276, 1277, 1278, 1281, 1282, 1283, 1284, 1285, 1286, 1287, 1290, 1291, 1292, 1293, 1294, 1297, 1298, 1301, 1302, 1310, 1311, 1314, 1315, 1316, 1317, 1318, 1321, 1330, 1331, 1332, 1333, 1335, 1336, 1339, 1340, 1341, 1344, 1345, 1346, 1347, 1348, 1349, 1350, 1351, 1352, 1353, 1354, 1355, 1356, 1357, 1359, 1360, 1361, 1362, 1365, 1366, 1367, 1368, 1369, 1371, 1372, 1374, 1375, 1376, 1377, 1378, 1379, 1380, 1381, 1384, 1385, 1386, 1388, 1399, 1408, 1409, 1410, 1411, 1413, 1414, 1415, 1416, 1419, 1420, 1421, 1422, 1424, 1425, 1432, 1435, 1439, 1440, 1441, 1442, 1443, 1444, 1445, 1446, 1447, 1448, 1449, 1450, 1451, 1452, 1453, 1455, 1456, 1458, 1459, 1465], "excluded_lines": [], "start_line": 1111}, "SharrowkinAgent._reason.task_to_dict": {"executed_lines": [], "summary": {"covered_lines": 0, "num_statements": 1, "percent_covered": 0.0, "percent_covered_display": "0", "missing_lines": 1, "excluded_lines": 0, "percent_statements_covered": 0.0, "percent_statements_covered_display": "0"}, "missing_lines": [1144], "excluded_lines": [], "start_line": 1143}, "SharrowkinAgent._stabilize": {"executed_lines": [], "summary": {"covered_lines": 0, "num_statements": 42, "percent_covered": 0.0, "percent_covered_display": "0", "missing_lines": 42, "excluded_lines": 0, "percent_statements_covered": 0.0, "percent_statements_covered_display": "0"}, "missing_lines": [1474, 1475, 1476, 1483, 1484, 1485, 1486, 1488, 1489, 1490, 1492, 1493, 1494, 1496, 1497, 1500, 1501, 1504, 1512, 1515, 1529, 1530, 1531, 1534, 1542, 1543, 1546, 1547, 1548, 1549, 1561, 1562, 1564, 1565, 1572, 1573, 1576, 1577, 1585, 1586, 1588, 1589], "excluded_lines": [], "start_line": 1468}, "SharrowkinAgent._commit": {"executed_lines": [], "summary": {"covered_lines": 0, "num_statements": 11, "percent_covered": 0.0, "percent_covered_display": "0", "missing_lines": 11, "excluded_lines": 0, "percent_statements_covered": 0.0, "percent_statements_covered_display": "0"}, "missing_lines": [1596, 1597, 1598, 1604, 1611, 1612, 1620, 1621, 1622, 1628, 1629], "excluded_lines": [], "start_line": 1591}, "": {"executed_lines": [], "summary": {"covered_lines": 0, "num_statements": 69, "percent_covered": 0.0, "percent_covered_display": "0", "missing_lines": 69, "excluded_lines": 0, "percent_statements_covered": 0.0, "percent_statements_covered_display": "0"}, "missing_lines": [3, 5, 6, 7, 8, 9, 10, 11, 12, 13, 15, 16, 17, 18, 20, 21, 22, 41, 42, 43, 44, 45, 46, 48, 51, 52, 53, 54, 55, 56, 59, 60, 61, 62, 63, 64, 65, 66, 67, 68, 69, 70, 71, 72, 73, 74, 75, 76, 77, 78, 81, 212, 213, 226, 312, 315, 318, 322, 328, 336, 340, 360, 381, 400, 839, 1058, 1111, 1468, 1591], "excluded_lines": [], "start_line": 1}}, "classes": {"FailureRecord": {"executed_lines": [], "summary": {"covered_lines": 0, "num_statements": 0, "percent_covered": 100.0, "percent_covered_display": "100", "missing_lines": 0, "excluded_lines": 0, "percent_statements_covered": 100.0, "percent_statements_covered_display": "100"}, "missing_lines": [], "excluded_lines": [], "start_line": 52}, "AgentRunState": {"executed_lines": [], "summary": {"covered_lines": 0, "num_statements": 0, "percent_covered": 100.0, "percent_covered_display": "100", "missing_lines": 0, "excluded_lines": 0, "percent_statements_covered": 100.0, "percent_statements_covered_display": "100"}, "missing_lines": [], "excluded_lines": [], "start_line": 60}, "localize_ast_error.ErrorLocFinder": {"executed_lines": [], "summary": {"covered_lines": 0, "num_statements": 16, "percent_covered": 0.0, "percent_covered_display": "0", "missing_lines": 16, "excluded_lines": 0, "percent_statements_covered": 0.0, "percent_statements_covered_display": "0"}, "missing_lines": [108, 109, 110, 111, 112, 115, 116, 117, 118, 122, 123, 124, 125, 126, 127, 130], "excluded_lines": [], "start_line": 106}, "SharrowkinAgent": {"executed_lines": [], "summary": {"covered_lines": 0, "num_statements": 708, "percent_covered": 0.0, "percent_covered_display": "0", "missing_lines": 708, "excluded_lines": 0, "percent_statements_covered": 0.0, "percent_statements_covered_display": "0"}, "missing_lines": [214, 215, 216, 217, 218, 219, 220, 221, 222, 223, 224, 228, 230, 231, 232, 235, 236, 237, 240, 243, 244, 245, 246, 249, 250, 252, 254, 257, 260, 261, 262, 263, 264, 267, 268, 271, 272, 273, 274, 277, 280, 281, 282, 283, 285, 287, 298, 299, 313, 316, 320, 323, 324, 325, 326, 330, 338, 349, 356, 357, 358, 371, 383, 384, 386, 387, 388, 389, 390, 391, 393, 394, 395, 396, 397, 401, 402, 403, 405, 406, 407, 416, 417, 418, 419, 420, 421, 422, 424, 425, 427, 429, 430, 431, 432, 435, 438, 439, 446, 447, 452, 453, 485, 486, 487, 488, 491, 492, 493, 494, 496, 497, 498, 499, 500, 501, 503, 504, 505, 507, 509, 510, 512, 517, 518, 524, 530, 536, 538, 545, 546, 547, 548, 549, 551, 553, 554, 555, 556, 557, 558, 559, 562, 563, 565, 567, 572, 573, 574, 576, 578, 579, 580, 583, 584, 585, 588, 591, 592, 593, 595, 596, 598, 601, 602, 603, 604, 607, 608, 609, 612, 613, 615, 616, 617, 618, 619, 620, 621, 622, 623, 625, 626, 627, 628, 629, 630, 631, 632, 633, 635, 637, 638, 639, 642, 644, 645, 646, 647, 648, 649, 650, 651, 654, 655, 656, 658, 670, 679, 680, 681, 682, 684, 686, 687, 688, 689, 690, 691, 692, 693, 694, 697, 699, 701, 708, 716, 718, 720, 721, 722, 723, 724, 725, 727, 729, 730, 731, 742, 748, 749, 750, 751, 752, 754, 755, 757, 758, 760, 761, 762, 763, 764, 766, 767, 768, 770, 771, 772, 774, 775, 776, 777, 778, 779, 780, 781, 784, 786, 787, 788, 790, 791, 792, 794, 795, 796, 798, 799, 802, 808, 809, 810, 812, 813, 814, 815, 816, 817, 818, 820, 821, 822, 823, 824, 825, 826, 827, 828, 829, 830, 831, 832, 833, 834, 835, 836, 844, 845, 846, 854, 856, 858, 859, 860, 862, 863, 864, 865, 868, 870, 871, 873, 874, 877, 878, 879, 880, 881, 882, 883, 884, 885, 886, 887, 890, 891, 892, 893, 894, 895, 897, 898, 899, 900, 902, 903, 905, 906, 907, 910, 911, 912, 913, 914, 916, 917, 918, 919, 920, 922, 923, 924, 925, 926, 928, 929, 930, 931, 932, 933, 934, 937, 938, 939, 940, 942, 943, 946, 947, 948, 949, 950, 953, 954, 955, 958, 959, 960, 961, 962, 963, 964, 965, 968, 969, 970, 971, 972, 973, 976, 978, 979, 981, 986, 987, 988, 989, 990, 991, 992, 993, 994, 995, 997, 998, 999, 1002, 1006, 1021, 1022, 1023, 1024, 1025, 1027, 1028, 1029, 1030, 1042, 1047, 1048, 1054, 1055, 1063, 1064, 1065, 1071, 1072, 1073, 1076, 1077, 1080, 1081, 1082, 1083, 1085, 1086, 1087, 1088, 1089, 1090, 1092, 1093, 1094, 1096, 1097, 1099, 1101, 1107, 1108, 1117, 1118, 1119, 1125, 1128, 1129, 1130, 1132, 1133, 1140, 1143, 1144, 1152, 1155, 1160, 1161, 1162, 1165, 1166, 1167, 1168, 1175, 1179, 1180, 1182, 1183, 1184, 1185, 1186, 1187, 1188, 1189, 1190, 1191, 1192, 1193, 1194, 1200, 1201, 1202, 1203, 1204, 1205, 1206, 1209, 1210, 1211, 1215, 1216, 1217, 1218, 1219, 1220, 1221, 1222, 1223, 1224, 1225, 1226, 1228, 1233, 1235, 1236, 1237, 1239, 1248, 1249, 1250, 1251, 1252, 1255, 1258, 1259, 1260, 1262, 1263, 1264, 1267, 1268, 1270, 1271, 1272, 1273, 1274, 1275, 1276, 1277, 1278, 1281, 1282, 1283, 1284, 1285, 1286, 1287, 1290, 1291, 1292, 1293, 1294, 1297, 1298, 1301, 1302, 1310, 1311, 1314, 1315, 1316, 1317, 1318, 1321, 1330, 1331, 1332, 1333, 1335, 1336, 1339, 1340, 1341, 1344, 1345, 1346, 1347, 1348, 1349, 1350, 1351, 1352, 1353, 1354, 1355, 1356, 1357, 1359, 1360, 1361, 1362, 1365, 1366, 1367, 1368, 1369, 1371, 1372, 1374, 1375, 1376, 1377, 1378, 1379, 1380, 1381, 1384, 1385, 1386, 1388, 1399, 1408, 1409, 1410, 1411, 1413, 1414, 1415, 1416, 1419, 1420, 1421, 1422, 1424, 1425, 1432, 1435, 1439, 1440, 1441, 1442, 1443, 1444, 1445, 1446, 1447, 1448, 1449, 1450, 1451, 1452, 1453, 1455, 1456, 1458, 1459, 1465, 1474, 1475, 1476, 1483, 1484, 1485, 1486, 1488, 1489, 1490, 1492, 1493, 1494, 1496, 1497, 1500, 1501, 1504, 1512, 1515, 1529, 1530, 1531, 1534, 1542, 1543, 1546, 1547, 1548, 1549, 1561, 1562, 1564, 1565, 1572, 1573, 1576, 1577, 1585, 1586, 1588, 1589, 1596, 1597, 1598, 1604, 1611, 1612, 1620, 1621, 1622, 1628, 1629], "excluded_lines": [], "start_line": 212}, "": {"executed_lines": [], "summary": {"covered_lines": 0, "num_statements": 142, "percent_covered": 0.0, "percent_covered_display": "0", "missing_lines": 142, "excluded_lines": 0, "percent_statements_covered": 0.0, "percent_statements_covered_display": "0"}, "missing_lines": [3, 5, 6, 7, 8, 9, 10, 11, 12, 13, 15, 16, 17, 18, 20, 21, 22, 41, 42, 43, 44, 45, 46, 48, 51, 52, 53, 54, 55, 56, 59, 60, 61, 62, 63, 64, 65, 66, 67, 68, 69, 70, 71, 72, 73, 74, 75, 76, 77, 78, 81, 83, 84, 85, 86, 88, 89, 90, 91, 92, 93, 95, 96, 99, 100, 102, 103, 104, 106, 107, 114, 120, 129, 132, 133, 135, 136, 137, 138, 139, 140, 143, 144, 145, 147, 154, 155, 157, 158, 161, 163, 164, 165, 168, 169, 170, 171, 172, 173, 174, 175, 176, 177, 178, 179, 182, 183, 184, 185, 186, 187, 188, 189, 190, 191, 192, 193, 196, 197, 198, 200, 207, 208, 209, 212, 213, 226, 312, 315, 318, 322, 328, 336, 340, 360, 381, 400, 839, 1058, 1111, 1468, 1591], "excluded_lines": [], "start_line": 1}}}, "agent\\failure_analyzer.py": {"executed_lines": [], "summary": {"covered_lines": 0, "num_statements": 109, "percent_covered": 0.0, "percent_covered_display": "0", "missing_lines": 109, "excluded_lines": 0, "percent_statements_covered": 0.0, "percent_statements_covered_display": "0"}, "missing_lines": [3, 5, 6, 7, 10, 11, 13, 14, 15, 16, 17, 19, 21, 33, 34, 36, 37, 38, 39, 42, 45, 46, 48, 52, 53, 56, 59, 62, 64, 71, 74, 81, 82, 83, 86, 87, 89, 91, 94, 96, 97, 98, 99, 100, 101, 103, 104, 105, 106, 107, 108, 110, 111, 112, 113, 114, 115, 117, 118, 119, 120, 121, 122, 124, 125, 127, 128, 130, 131, 132, 133, 135, 137, 140, 141, 143, 144, 146, 147, 149, 150, 151, 152, 154, 155, 157, 158, 160, 161, 163, 165, 169, 170, 173, 174, 177, 178, 181, 183, 193, 201, 203, 204, 206, 207, 208, 210, 212, 214], "excluded_lines": [], "functions": {"FailureContext.to_prompt": {"executed_lines": [], "summary": {"covered_lines": 0, "num_statements": 1, "percent_covered": 0.0, "percent_covered_display": "0", "missing_lines": 1, "excluded_lines": 0, "percent_statements_covered": 0.0, "percent_statements_covered_display": "0"}, "missing_lines": [21], "excluded_lines": [], "start_line": 19}, "FailureAnalyzer.__init__": {"executed_lines": [], "summary": {"covered_lines": 0, "num_statements": 1, "percent_covered": 0.0, "percent_covered_display": "0", "missing_lines": 1, "excluded_lines": 0, "percent_statements_covered": 0.0, "percent_statements_covered_display": "0"}, "missing_lines": [46], "excluded_lines": [], "start_line": 45}, "FailureAnalyzer.analyze": {"executed_lines": [], "summary": {"covered_lines": 0, "num_statements": 6, "percent_covered": 0.0, "percent_covered_display": "0", "missing_lines": 6, "excluded_lines": 0, "percent_statements_covered": 0.0, "percent_statements_covered_display": "0"}, "missing_lines": [52, 53, 56, 59, 62, 64], "excluded_lines": [], "start_line": 48}, "FailureAnalyzer._extract_error_type": {"executed_lines": [], "summary": {"covered_lines": 0, "num_statements": 7, "percent_covered": 0.0, "percent_covered_display": "0", "missing_lines": 7, "excluded_lines": 0, "percent_statements_covered": 0.0, "percent_statements_covered_display": "0"}, "missing_lines": [74, 81, 82, 83, 86, 87, 89], "excluded_lines": [], "start_line": 71}, "FailureAnalyzer._analyze_root_cause": {"executed_lines": [], "summary": {"covered_lines": 0, "num_statements": 34, "percent_covered": 0.0, "percent_covered_display": "0", "missing_lines": 34, "excluded_lines": 0, "percent_statements_covered": 0.0, "percent_statements_covered_display": "0"}, "missing_lines": [94, 96, 97, 98, 99, 100, 101, 103, 104, 105, 106, 107, 108, 110, 111, 112, 113, 114, 115, 117, 118, 119, 120, 121, 122, 124, 125, 127, 128, 130, 131, 132, 133, 135], "excluded_lines": [], "start_line": 91}, "FailureAnalyzer._generate_fix_suggestion": {"executed_lines": [], "summary": {"covered_lines": 0, "num_statements": 17, "percent_covered": 0.0, "percent_covered_display": "0", "missing_lines": 17, "excluded_lines": 0, "percent_statements_covered": 0.0, "percent_statements_covered_display": "0"}, "missing_lines": [140, 141, 143, 144, 146, 147, 149, 150, 151, 152, 154, 155, 157, 158, 160, 161, 163], "excluded_lines": [], "start_line": 137}, "FailureAnalyzer._calculate_confidence": {"executed_lines": [], "summary": {"covered_lines": 0, "num_statements": 7, "percent_covered": 0.0, "percent_covered_display": "0", "missing_lines": 7, "excluded_lines": 0, "percent_statements_covered": 0.0, "percent_statements_covered_display": "0"}, "missing_lines": [169, 170, 173, 174, 177, 178, 181], "excluded_lines": [], "start_line": 165}, "FailureAnalyzer.analyze_failure": {"executed_lines": [], "summary": {"covered_lines": 0, "num_statements": 1, "percent_covered": 0.0, "percent_covered_display": "0", "missing_lines": 1, "excluded_lines": 0, "percent_statements_covered": 0.0, "percent_statements_covered_display": "0"}, "missing_lines": [193], "excluded_lines": [], "start_line": 183}, "FailureAnalyzer.get_failure_summary": {"executed_lines": [], "summary": {"covered_lines": 0, "num_statements": 6, "percent_covered": 0.0, "percent_covered_display": "0", "missing_lines": 6, "excluded_lines": 0, "percent_statements_covered": 0.0, "percent_statements_covered_display": "0"}, "missing_lines": [203, 204, 206, 207, 208, 210], "excluded_lines": [], "start_line": 201}, "FailureAnalyzer.should_give_up": {"executed_lines": [], "summary": {"covered_lines": 0, "num_statements": 1, "percent_covered": 0.0, "percent_covered_display": "0", "missing_lines": 1, "excluded_lines": 0, "percent_statements_covered": 0.0, "percent_statements_covered_display": "0"}, "missing_lines": [214], "excluded_lines": [], "start_line": 212}, "": {"executed_lines": [], "summary": {"covered_lines": 0, "num_statements": 28, "percent_covered": 0.0, "percent_covered_display": "0", "missing_lines": 28, "excluded_lines": 0, "percent_statements_covered": 0.0, "percent_statements_covered_display": "0"}, "missing_lines": [3, 5, 6, 7, 10, 11, 13, 14, 15, 16, 17, 19, 33, 34, 36, 37, 38, 39, 42, 45, 48, 71, 91, 137, 165, 183, 201, 212], "excluded_lines": [], "start_line": 1}}, "classes": {"FailureContext": {"executed_lines": [], "summary": {"covered_lines": 0, "num_statements": 1, "percent_covered": 0.0, "percent_covered_display": "0", "missing_lines": 1, "excluded_lines": 0, "percent_statements_covered": 0.0, "percent_statements_covered_display": "0"}, "missing_lines": [21], "excluded_lines": [], "start_line": 11}, "FailureAnalysis": {"executed_lines": [], "summary": {"covered_lines": 0, "num_statements": 0, "percent_covered": 100.0, "percent_covered_display": "100", "missing_lines": 0, "excluded_lines": 0, "percent_statements_covered": 100.0, "percent_statements_covered_display": "100"}, "missing_lines": [], "excluded_lines": [], "start_line": 34}, "FailureAnalyzer": {"executed_lines": [], "summary": {"covered_lines": 0, "num_statements": 80, "percent_covered": 0.0, "percent_covered_display": "0", "missing_lines": 80, "excluded_lines": 0, "percent_statements_covered": 0.0, "percent_statements_covered_display": "0"}, "missing_lines": [46, 52, 53, 56, 59, 62, 64, 74, 81, 82, 83, 86, 87, 89, 94, 96, 97, 98, 99, 100, 101, 103, 104, 105, 106, 107, 108, 110, 111, 112, 113, 114, 115, 117, 118, 119, 120, 121, 122, 124, 125, 127, 128, 130, 131, 132, 133, 135, 140, 141, 143, 144, 146, 147, 149, 150, 151, 152, 154, 155, 157, 158, 160, 161, 163, 169, 170, 173, 174, 177, 178, 181, 193, 203, 204, 206, 207, 208, 210, 214], "excluded_lines": [], "start_line": 42}, "": {"executed_lines": [], "summary": {"covered_lines": 0, "num_statements": 28, "percent_covered": 0.0, "percent_covered_display": "0", "missing_lines": 28, "excluded_lines": 0, "percent_statements_covered": 0.0, "percent_statements_covered_display": "0"}, "missing_lines": [3, 5, 6, 7, 10, 11, 13, 14, 15, 16, 17, 19, 33, 34, 36, 37, 38, 39, 42, 45, 48, 71, 91, 137, 165, 183, 201, 212], "excluded_lines": [], "start_line": 1}}}, "agent\\workspace_cache.py": {"executed_lines": [], "summary": {"covered_lines": 0, "num_statements": 100, "percent_covered": 0.0, "percent_covered_display": "0", "missing_lines": 100, "excluded_lines": 0, "percent_statements_covered": 0.0, "percent_statements_covered_display": "0"}, "missing_lines": [3, 5, 6, 7, 8, 11, 12, 14, 15, 16, 17, 18, 19, 20, 21, 22, 24, 26, 28, 30, 33, 36, 43, 44, 45, 46, 47, 48, 53, 54, 56, 58, 59, 61, 62, 63, 65, 68, 69, 70, 73, 74, 75, 78, 79, 80, 81, 83, 85, 87, 88, 91, 92, 93, 96, 99, 100, 101, 102, 105, 106, 107, 108, 109, 110, 112, 114, 115, 116, 118, 120, 121, 122, 123, 125, 127, 128, 129, 131, 140, 142, 143, 144, 145, 146, 148, 150, 151, 152, 153, 154, 155, 156, 158, 160, 162, 163, 168, 169, 170], "excluded_lines": [], "functions": {"CachedWorkspace.age_seconds": {"executed_lines": [], "summary": {"covered_lines": 0, "num_statements": 1, "percent_covered": 0.0, "percent_covered_display": "0", "missing_lines": 1, "excluded_lines": 0, "percent_statements_covered": 0.0, "percent_statements_covered_display": "0"}, "missing_lines": [26], "excluded_lines": [], "start_line": 24}, "CachedWorkspace.is_stale": {"executed_lines": [], "summary": {"covered_lines": 0, "num_statements": 1, "percent_covered": 0.0, "percent_covered_display": "0", "missing_lines": 1, "excluded_lines": 0, "percent_statements_covered": 0.0, "percent_statements_covered_display": "0"}, "missing_lines": [30], "excluded_lines": [], "start_line": 28}, "WorkspaceCache.__init__": {"executed_lines": [], "summary": {"covered_lines": 0, "num_statements": 8, "percent_covered": 0.0, "percent_covered_display": "0", "missing_lines": 8, "excluded_lines": 0, "percent_statements_covered": 0.0, "percent_statements_covered_display": "0"}, "missing_lines": [43, 44, 45, 46, 47, 48, 53, 54], "excluded_lines": [], "start_line": 36}, "WorkspaceCache.get": {"executed_lines": [], "summary": {"covered_lines": 0, "num_statements": 17, "percent_covered": 0.0, "percent_covered_display": "0", "missing_lines": 17, "excluded_lines": 0, "percent_statements_covered": 0.0, "percent_statements_covered_display": "0"}, "missing_lines": [58, 59, 61, 62, 63, 65, 68, 69, 70, 73, 74, 75, 78, 79, 80, 81, 83], "excluded_lines": [], "start_line": 56}, "WorkspaceCache.set": {"executed_lines": [], "summary": {"covered_lines": 0, "num_statements": 16, "percent_covered": 0.0, "percent_covered_display": "0", "missing_lines": 16, "excluded_lines": 0, "percent_statements_covered": 0.0, "percent_statements_covered_display": "0"}, "missing_lines": [87, 88, 91, 92, 93, 96, 99, 100, 101, 102, 105, 106, 107, 108, 109, 110], "excluded_lines": [], "start_line": 85}, "WorkspaceCache.invalidate": {"executed_lines": [], "summary": {"covered_lines": 0, "num_statements": 3, "percent_covered": 0.0, "percent_covered_display": "0", "missing_lines": 3, "excluded_lines": 0, "percent_statements_covered": 0.0, "percent_statements_covered_display": "0"}, "missing_lines": [114, 115, 116], "excluded_lines": [], "start_line": 112}, "WorkspaceCache.clear": {"executed_lines": [], "summary": {"covered_lines": 0, "num_statements": 4, "percent_covered": 0.0, "percent_covered_display": "0", "missing_lines": 4, "excluded_lines": 0, "percent_statements_covered": 0.0, "percent_statements_covered_display": "0"}, "missing_lines": [120, 121, 122, 123], "excluded_lines": [], "start_line": 118}, "WorkspaceCache.get_stats": {"executed_lines": [], "summary": {"covered_lines": 0, "num_statements": 4, "percent_covered": 0.0, "percent_covered_display": "0", "missing_lines": 4, "excluded_lines": 0, "percent_statements_covered": 0.0, "percent_statements_covered_display": "0"}, "missing_lines": [127, 128, 129, 131], "excluded_lines": [], "start_line": 125}, "WorkspaceCache._invalidate": {"executed_lines": [], "summary": {"covered_lines": 0, "num_statements": 5, "percent_covered": 0.0, "percent_covered_display": "0", "missing_lines": 5, "excluded_lines": 0, "percent_statements_covered": 0.0, "percent_statements_covered_display": "0"}, "missing_lines": [142, 143, 144, 145, 146], "excluded_lines": [], "start_line": 140}, "WorkspaceCache._workspace_modified": {"executed_lines": [], "summary": {"covered_lines": 0, "num_statements": 8, "percent_covered": 0.0, "percent_covered_display": "0", "missing_lines": 8, "excluded_lines": 0, "percent_statements_covered": 0.0, "percent_statements_covered_display": "0"}, "missing_lines": [150, 151, 152, 153, 154, 155, 156, 158], "excluded_lines": [], "start_line": 148}, "WorkspaceCache._get_latest_mtime": {"executed_lines": [], "summary": {"covered_lines": 0, "num_statements": 5, "percent_covered": 0.0, "percent_covered_display": "0", "missing_lines": 5, "excluded_lines": 0, "percent_statements_covered": 0.0, "percent_statements_covered_display": "0"}, "missing_lines": [162, 163, 168, 169, 170], "excluded_lines": [], "start_line": 160}, "": {"executed_lines": [], "summary": {"covered_lines": 0, "num_statements": 28, "percent_covered": 0.0, "percent_covered_display": "0", "missing_lines": 28, "excluded_lines": 0, "percent_statements_covered": 0.0, "percent_statements_covered_display": "0"}, "missing_lines": [3, 5, 6, 7, 8, 11, 12, 14, 15, 16, 17, 18, 19, 20, 21, 22, 24, 28, 33, 36, 56, 85, 112, 118, 125, 140, 148, 160], "excluded_lines": [], "start_line": 1}}, "classes": {"CachedWorkspace": {"executed_lines": [], "summary": {"covered_lines": 0, "num_statements": 2, "percent_covered": 0.0, "percent_covered_display": "0", "missing_lines": 2, "excluded_lines": 0, "percent_statements_covered": 0.0, "percent_statements_covered_display": "0"}, "missing_lines": [26, 30], "excluded_lines": [], "start_line": 12}, "WorkspaceCache": {"executed_lines": [], "summary": {"covered_lines": 0, "num_statements": 70, "percent_covered": 0.0, "percent_covered_display": "0", "missing_lines": 70, "excluded_lines": 0, "percent_statements_covered": 0.0, "percent_statements_covered_display": "0"}, "missing_lines": [43, 44, 45, 46, 47, 48, 53, 54, 58, 59, 61, 62, 63, 65, 68, 69, 70, 73, 74, 75, 78, 79, 80, 81, 83, 87, 88, 91, 92, 93, 96, 99, 100, 101, 102, 105, 106, 107, 108, 109, 110, 114, 115, 116, 120, 121, 122, 123, 127, 128, 129, 131, 142, 143, 144, 145, 146, 150, 151, 152, 153, 154, 155, 156, 158, 162, 163, 168, 169, 170], "excluded_lines": [], "start_line": 33}, "": {"executed_lines": [], "summary": {"covered_lines": 0, "num_statements": 28, "percent_covered": 0.0, "percent_covered_display": "0", "missing_lines": 28, "excluded_lines": 0, "percent_statements_covered": 0.0, "percent_statements_covered_display": "0"}, "missing_lines": [3, 5, 6, 7, 8, 11, 12, 14, 15, 16, 17, 18, 19, 20, 21, 22, 24, 28, 33, 36, 56, 85, 112, 118, 125, 140, 148, 160], "excluded_lines": [], "start_line": 1}}}, "analysis\\__init__.py": {"executed_lines": [], "summary": {"covered_lines": 0, "num_statements": 4, "percent_covered": 0.0, "percent_covered_display": "0", "missing_lines": 4, "excluded_lines": 0, "percent_statements_covered": 0.0, "percent_statements_covered_display": "0"}, "missing_lines": [10, 27, 30, 32], "excluded_lines": [], "functions": {"": {"executed_lines": [], "summary": {"covered_lines": 0, "num_statements": 4, "percent_covered": 0.0, "percent_covered_display": "0", "missing_lines": 4, "excluded_lines": 0, "percent_statements_covered": 0.0, "percent_statements_covered_display": "0"}, "missing_lines": [10, 27, 30, 32], "excluded_lines": [], "start_line": 1}}, "classes": {"": {"executed_lines": [], "summary": {"covered_lines": 0, "num_statements": 4, "percent_covered": 0.0, "percent_covered_display": "0", "missing_lines": 4, "excluded_lines": 0, "percent_statements_covered": 0.0, "percent_statements_covered_display": "0"}, "missing_lines": [10, 27, 30, 32], "excluded_lines": [], "start_line": 1}}}, "analysis\\code\\__init__.py": {"executed_lines": [], "summary": {"covered_lines": 0, "num_statements": 5, "percent_covered": 0.0, "percent_covered_display": "0", "missing_lines": 5, "excluded_lines": 0, "percent_statements_covered": 0.0, "percent_statements_covered_display": "0"}, "missing_lines": [11, 12, 18, 19, 21], "excluded_lines": [], "functions": {"": {"executed_lines": [], "summary": {"covered_lines": 0, "num_statements": 5, "percent_covered": 0.0, "percent_covered_display": "0", "missing_lines": 5, "excluded_lines": 0, "percent_statements_covered": 0.0, "percent_statements_covered_display": "0"}, "missing_lines": [11, 12, 18, 19, 21], "excluded_lines": [], "start_line": 1}}, "classes": {"": {"executed_lines": [], "summary": {"covered_lines": 0, "num_statements": 5, "percent_covered": 0.0, "percent_covered_display": "0", "missing_lines": 5, "excluded_lines": 0, "percent_statements_covered": 0.0, "percent_statements_covered_display": "0"}, "missing_lines": [11, 12, 18, 19, 21], "excluded_lines": [], "start_line": 1}}}, "analysis\\code\\context_linker.py": {"executed_lines": [], "summary": {"covered_lines": 0, "num_statements": 229, "percent_covered": 0.0, "percent_covered_display": "0", "missing_lines": 229, "excluded_lines": 0, "percent_statements_covered": 0.0, "percent_statements_covered_display": "0"}, "missing_lines": [10, 12, 13, 14, 15, 17, 20, 21, 24, 27, 28, 29, 32, 33, 34, 35, 38, 39, 40, 41, 44, 45, 48, 49, 51, 53, 73, 76, 77, 78, 79, 81, 83, 84, 85, 87, 90, 91, 92, 95, 96, 97, 98, 99, 102, 103, 104, 105, 108, 109, 112, 113, 115, 116, 118, 120, 121, 122, 124, 126, 127, 128, 131, 134, 135, 136, 137, 138, 139, 142, 143, 146, 148, 158, 164, 165, 166, 168, 171, 172, 175, 176, 179, 180, 183, 184, 187, 188, 190, 192, 193, 194, 196, 199, 200, 203, 204, 205, 206, 209, 210, 211, 212, 215, 216, 219, 220, 222, 224, 226, 227, 229, 230, 231, 232, 233, 234, 235, 236, 237, 238, 239, 241, 243, 245, 246, 249, 250, 251, 252, 253, 256, 257, 259, 260, 262, 264, 265, 266, 268, 270, 272, 275, 276, 277, 280, 281, 282, 284, 286, 288, 290, 292, 294, 296, 298, 299, 300, 302, 303, 304, 306, 308, 310, 312, 313, 314, 317, 320, 321, 324, 325, 326, 327, 328, 329, 332, 333, 334, 335, 338, 339, 341, 342, 345, 346, 348, 350, 353, 355, 356, 358, 359, 360, 361, 362, 363, 364, 365, 367, 369, 372, 374, 375, 376, 377, 380, 381, 382, 384, 386, 387, 388, 390, 391, 393, 394, 395, 396, 398, 400, 402, 404, 405, 406, 407, 408, 409, 411], "excluded_lines": [], "functions": {"CodeContext.to_dict": {"executed_lines": [], "summary": {"covered_lines": 0, "num_statements": 1, "percent_covered": 0.0, "percent_covered_display": "0", "missing_lines": 1, "excluded_lines": 0, "percent_statements_covered": 0.0, "percent_statements_covered_display": "0"}, "missing_lines": [53], "excluded_lines": [], "start_line": 51}, "ContextLinker.__init__": {"executed_lines": [], "summary": {"covered_lines": 0, "num_statements": 3, "percent_covered": 0.0, "percent_covered_display": "0", "missing_lines": 3, "excluded_lines": 0, "percent_statements_covered": 0.0, "percent_statements_covered_display": "0"}, "missing_lines": [77, 78, 79], "excluded_lines": [], "start_line": 76}, "ContextLinker.build_context": {"executed_lines": [], "summary": {"covered_lines": 0, "num_statements": 22, "percent_covered": 0.0, "percent_covered_display": "0", "missing_lines": 22, "excluded_lines": 0, "percent_statements_covered": 0.0, "percent_statements_covered_display": "0"}, "missing_lines": [83, 84, 85, 87, 90, 91, 92, 95, 96, 97, 98, 99, 102, 103, 104, 105, 108, 109, 112, 113, 115, 116], "excluded_lines": [], "start_line": 81}, "ContextLinker.get_context": {"executed_lines": [], "summary": {"covered_lines": 0, "num_statements": 3, "percent_covered": 0.0, "percent_covered_display": "0", "missing_lines": 3, "excluded_lines": 0, "percent_statements_covered": 0.0, "percent_statements_covered_display": "0"}, "missing_lines": [120, 121, 122], "excluded_lines": [], "start_line": 118}, "ContextLinker.get_change_impact": {"executed_lines": [], "summary": {"covered_lines": 0, "num_statements": 14, "percent_covered": 0.0, "percent_covered_display": "0", "missing_lines": 14, "excluded_lines": 0, "percent_statements_covered": 0.0, "percent_statements_covered_display": "0"}, "missing_lines": [126, 127, 128, 131, 134, 135, 136, 137, 138, 139, 142, 143, 146, 148], "excluded_lines": [], "start_line": 124}, "ContextLinker.find_related_code": {"executed_lines": [], "summary": {"covered_lines": 0, "num_statements": 14, "percent_covered": 0.0, "percent_covered_display": "0", "missing_lines": 14, "excluded_lines": 0, "percent_statements_covered": 0.0, "percent_statements_covered_display": "0"}, "missing_lines": [164, 165, 166, 168, 171, 172, 175, 176, 179, 180, 183, 184, 187, 188], "excluded_lines": [], "start_line": 158}, "ContextLinker.get_context_summary": {"executed_lines": [], "summary": {"covered_lines": 0, "num_statements": 19, "percent_covered": 0.0, "percent_covered_display": "0", "missing_lines": 19, "excluded_lines": 0, "percent_statements_covered": 0.0, "percent_statements_covered_display": "0"}, "missing_lines": [192, 193, 194, 196, 199, 200, 203, 204, 205, 206, 209, 210, 211, 212, 215, 216, 219, 220, 222], "excluded_lines": [], "start_line": 190}, "ContextLinker._extract_inline_comments": {"executed_lines": [], "summary": {"covered_lines": 0, "num_statements": 14, "percent_covered": 0.0, "percent_covered_display": "0", "missing_lines": 14, "excluded_lines": 0, "percent_statements_covered": 0.0, "percent_statements_covered_display": "0"}, "missing_lines": [226, 227, 229, 230, 231, 232, 233, 234, 235, 236, 237, 238, 239, 241], "excluded_lines": [], "start_line": 224}, "ContextLinker._get_git_context": {"executed_lines": [], "summary": {"covered_lines": 0, "num_statements": 16, "percent_covered": 0.0, "percent_covered_display": "0", "missing_lines": 16, "excluded_lines": 0, "percent_statements_covered": 0.0, "percent_statements_covered_display": "0"}, "missing_lines": [245, 246, 249, 250, 251, 252, 253, 256, 257, 259, 260, 262, 264, 265, 266, 268], "excluded_lines": [], "start_line": 243}, "ContextLinker._find_callers": {"executed_lines": [], "summary": {"covered_lines": 0, "num_statements": 8, "percent_covered": 0.0, "percent_covered_display": "0", "missing_lines": 8, "excluded_lines": 0, "percent_statements_covered": 0.0, "percent_statements_covered_display": "0"}, "missing_lines": [272, 275, 276, 277, 280, 281, 282, 284], "excluded_lines": [], "start_line": 270}, "ContextLinker._find_callees": {"executed_lines": [], "summary": {"covered_lines": 0, "num_statements": 1, "percent_covered": 0.0, "percent_covered_display": "0", "missing_lines": 1, "excluded_lines": 0, "percent_statements_covered": 0.0, "percent_statements_covered_display": "0"}, "missing_lines": [288], "excluded_lines": [], "start_line": 286}, "ContextLinker._find_dependencies": {"executed_lines": [], "summary": {"covered_lines": 0, "num_statements": 1, "percent_covered": 0.0, "percent_covered_display": "0", "missing_lines": 1, "excluded_lines": 0, "percent_statements_covered": 0.0, "percent_statements_covered_display": "0"}, "missing_lines": [292], "excluded_lines": [], "start_line": 290}, "ContextLinker._find_dependents": {"executed_lines": [], "summary": {"covered_lines": 0, "num_statements": 8, "percent_covered": 0.0, "percent_covered_display": "0", "missing_lines": 8, "excluded_lines": 0, "percent_statements_covered": 0.0, "percent_statements_covered_display": "0"}, "missing_lines": [296, 298, 299, 300, 302, 303, 304, 306], "excluded_lines": [], "start_line": 294}, "ContextLinker._find_similar_entities": {"executed_lines": [], "summary": {"covered_lines": 0, "num_statements": 23, "percent_covered": 0.0, "percent_covered_display": "0", "missing_lines": 23, "excluded_lines": 0, "percent_statements_covered": 0.0, "percent_statements_covered_display": "0"}, "missing_lines": [310, 312, 313, 314, 317, 320, 321, 324, 325, 326, 327, 328, 329, 332, 333, 334, 335, 338, 339, 341, 342, 345, 346], "excluded_lines": [], "start_line": 308}, "ContextLinker._find_usage_examples": {"executed_lines": [], "summary": {"covered_lines": 0, "num_statements": 13, "percent_covered": 0.0, "percent_covered_display": "0", "missing_lines": 13, "excluded_lines": 0, "percent_statements_covered": 0.0, "percent_statements_covered_display": "0"}, "missing_lines": [350, 353, 355, 356, 358, 359, 360, 361, 362, 363, 364, 365, 367], "excluded_lines": [], "start_line": 348}, "ContextLinker._calculate_test_coverage": {"executed_lines": [], "summary": {"covered_lines": 0, "num_statements": 8, "percent_covered": 0.0, "percent_covered_display": "0", "missing_lines": 8, "excluded_lines": 0, "percent_statements_covered": 0.0, "percent_statements_covered_display": "0"}, "missing_lines": [372, 374, 375, 376, 377, 380, 381, 382], "excluded_lines": [], "start_line": 369}, "ContextLinker._find_test_files": {"executed_lines": [], "summary": {"covered_lines": 0, "num_statements": 10, "percent_covered": 0.0, "percent_covered_display": "0", "missing_lines": 10, "excluded_lines": 0, "percent_statements_covered": 0.0, "percent_statements_covered_display": "0"}, "missing_lines": [386, 387, 388, 390, 391, 393, 394, 395, 396, 398], "excluded_lines": [], "start_line": 384}, "ContextLinker._assess_risk_level": {"executed_lines": [], "summary": {"covered_lines": 0, "num_statements": 8, "percent_covered": 0.0, "percent_covered_display": "0", "missing_lines": 8, "excluded_lines": 0, "percent_statements_covered": 0.0, "percent_statements_covered_display": "0"}, "missing_lines": [402, 404, 405, 406, 407, 408, 409, 411], "excluded_lines": [], "start_line": 400}, "": {"executed_lines": [], "summary": {"covered_lines": 0, "num_statements": 43, "percent_covered": 0.0, "percent_covered_display": "0", "missing_lines": 43, "excluded_lines": 0, "percent_statements_covered": 0.0, "percent_statements_covered_display": "0"}, "missing_lines": [10, 12, 13, 14, 15, 17, 20, 21, 24, 27, 28, 29, 32, 33, 34, 35, 38, 39, 40, 41, 44, 45, 48, 49, 51, 73, 76, 81, 118, 124, 158, 190, 224, 243, 270, 286, 290, 294, 308, 348, 369, 384, 400], "excluded_lines": [], "start_line": 1}}, "classes": {"CodeContext": {"executed_lines": [], "summary": {"covered_lines": 0, "num_statements": 1, "percent_covered": 0.0, "percent_covered_display": "0", "missing_lines": 1, "excluded_lines": 0, "percent_statements_covered": 0.0, "percent_statements_covered_display": "0"}, "missing_lines": [53], "excluded_lines": [], "start_line": 21}, "ContextLinker": {"executed_lines": [], "summary": {"covered_lines": 0, "num_statements": 185, "percent_covered": 0.0, "percent_covered_display": "0", "missing_lines": 185, "excluded_lines": 0, "percent_statements_covered": 0.0, "percent_statements_covered_display": "0"}, "missing_lines": [77, 78, 79, 83, 84, 85, 87, 90, 91, 92, 95, 96, 97, 98, 99, 102, 103, 104, 105, 108, 109, 112, 113, 115, 116, 120, 121, 122, 126, 127, 128, 131, 134, 135, 136, 137, 138, 139, 142, 143, 146, 148, 164, 165, 166, 168, 171, 172, 175, 176, 179, 180, 183, 184, 187, 188, 192, 193, 194, 196, 199, 200, 203, 204, 205, 206, 209, 210, 211, 212, 215, 216, 219, 220, 222, 226, 227, 229, 230, 231, 232, 233, 234, 235, 236, 237, 238, 239, 241, 245, 246, 249, 250, 251, 252, 253, 256, 257, 259, 260, 262, 264, 265, 266, 268, 272, 275, 276, 277, 280, 281, 282, 284, 288, 292, 296, 298, 299, 300, 302, 303, 304, 306, 310, 312, 313, 314, 317, 320, 321, 324, 325, 326, 327, 328, 329, 332, 333, 334, 335, 338, 339, 341, 342, 345, 346, 350, 353, 355, 356, 358, 359, 360, 361, 362, 363, 364, 365, 367, 372, 374, 375, 376, 377, 380, 381, 382, 386, 387, 388, 390, 391, 393, 394, 395, 396, 398, 402, 404, 405, 406, 407, 408, 409, 411], "excluded_lines": [], "start_line": 73}, "": {"executed_lines": [], "summary": {"covered_lines": 0, "num_statements": 43, "percent_covered": 0.0, "percent_covered_display": "0", "missing_lines": 43, "excluded_lines": 0, "percent_statements_covered": 0.0, "percent_statements_covered_display": "0"}, "missing_lines": [10, 12, 13, 14, 15, 17, 20, 21, 24, 27, 28, 29, 32, 33, 34, 35, 38, 39, 40, 41, 44, 45, 48, 49, 51, 73, 76, 81, 118, 124, 158, 190, 224, 243, 270, 286, 290, 294, 308, 348, 369, 384, 400], "excluded_lines": [], "start_line": 1}}}, "analysis\\code\\data_flow_analyzer.py": {"executed_lines": [], "summary": {"covered_lines": 0, "num_statements": 208, "percent_covered": 0.0, "percent_covered_display": "0", "missing_lines": 208, "excluded_lines": 0, "percent_statements_covered": 0.0, "percent_statements_covered_display": "0"}, "missing_lines": [10, 12, 13, 14, 15, 16, 18, 21, 23, 24, 25, 26, 27, 28, 31, 32, 35, 36, 37, 38, 41, 42, 45, 46, 49, 50, 53, 54, 55, 56, 58, 60, 61, 62, 63, 66, 67, 70, 71, 72, 73, 74, 75, 78, 81, 82, 83, 84, 86, 88, 89, 91, 92, 93, 94, 95, 97, 98, 101, 103, 111, 112, 114, 116, 117, 118, 121, 122, 123, 124, 125, 126, 128, 136, 141, 142, 144, 146, 147, 149, 151, 153, 155, 157, 158, 160, 161, 162, 164, 165, 166, 167, 168, 170, 172, 174, 175, 177, 178, 179, 181, 182, 183, 184, 185, 187, 189, 191, 194, 195, 197, 198, 200, 207, 209, 210, 212, 213, 214, 215, 217, 219, 221, 222, 224, 225, 226, 228, 229, 235, 237, 239, 241, 242, 249, 250, 251, 253, 255, 257, 267, 270, 271, 272, 273, 274, 275, 276, 278, 281, 282, 289, 291, 293, 295, 298, 299, 300, 301, 302, 303, 304, 305, 308, 311, 312, 314, 322, 324, 326, 328, 329, 330, 331, 333, 342, 344, 346, 348, 354, 357, 358, 367, 369, 371, 372, 374, 375, 383, 385, 387, 388, 395, 397, 399, 401, 402, 403, 404, 405, 407, 409, 411, 412, 414, 415, 416, 424], "excluded_lines": [], "functions": {"DataFlowPath.__str__": {"executed_lines": [], "summary": {"covered_lines": 0, "num_statements": 4, "percent_covered": 0.0, "percent_covered_display": "0", "missing_lines": 4, "excluded_lines": 0, "percent_statements_covered": 0.0, "percent_statements_covered_display": "0"}, "missing_lines": [60, 61, 62, 63], "excluded_lines": [], "start_line": 58}, "DataFlowAnalyzer.__init__": {"executed_lines": [], "summary": {"covered_lines": 0, "num_statements": 3, "percent_covered": 0.0, "percent_covered_display": "0", "missing_lines": 3, "excluded_lines": 0, "percent_statements_covered": 0.0, "percent_statements_covered_display": "0"}, "missing_lines": [82, 83, 84], "excluded_lines": [], "start_line": 81}, "DataFlowAnalyzer.analyze_function": {"executed_lines": [], "summary": {"covered_lines": 0, "num_statements": 13, "percent_covered": 0.0, "percent_covered_display": "0", "missing_lines": 13, "excluded_lines": 0, "percent_statements_covered": 0.0, "percent_statements_covered_display": "0"}, "missing_lines": [88, 89, 91, 92, 93, 94, 95, 97, 98, 101, 103, 111, 112], "excluded_lines": [], "start_line": 86}, "DataFlowAnalyzer.analyze_file": {"executed_lines": [], "summary": {"covered_lines": 0, "num_statements": 13, "percent_covered": 0.0, "percent_covered_display": "0", "missing_lines": 13, "excluded_lines": 0, "percent_statements_covered": 0.0, "percent_statements_covered_display": "0"}, "missing_lines": [116, 117, 118, 121, 122, 123, 124, 125, 126, 128, 136, 141, 142], "excluded_lines": [], "start_line": 114}, "DataFlowAnalyzer.get_variable_flow": {"executed_lines": [], "summary": {"covered_lines": 0, "num_statements": 3, "percent_covered": 0.0, "percent_covered_display": "0", "missing_lines": 3, "excluded_lines": 0, "percent_statements_covered": 0.0, "percent_statements_covered_display": "0"}, "missing_lines": [146, 147, 149], "excluded_lines": [], "start_line": 144}, "DataFlowAnalyzer.get_issues": {"executed_lines": [], "summary": {"covered_lines": 0, "num_statements": 1, "percent_covered": 0.0, "percent_covered_display": "0", "missing_lines": 1, "excluded_lines": 0, "percent_statements_covered": 0.0, "percent_statements_covered_display": "0"}, "missing_lines": [153], "excluded_lines": [], "start_line": 151}, "DataFlowAnalyzer.find_unused_variables": {"executed_lines": [], "summary": {"covered_lines": 0, "num_statements": 11, "percent_covered": 0.0, "percent_covered_display": "0", "missing_lines": 11, "excluded_lines": 0, "percent_statements_covered": 0.0, "percent_statements_covered_display": "0"}, "missing_lines": [157, 158, 160, 161, 162, 164, 165, 166, 167, 168, 170], "excluded_lines": [], "start_line": 155}, "DataFlowAnalyzer.find_uninitialized_access": {"executed_lines": [], "summary": {"covered_lines": 0, "num_statements": 11, "percent_covered": 0.0, "percent_covered_display": "0", "missing_lines": 11, "excluded_lines": 0, "percent_statements_covered": 0.0, "percent_statements_covered_display": "0"}, "missing_lines": [174, 175, 177, 178, 179, 181, 182, 183, 184, 185, 187], "excluded_lines": [], "start_line": 172}, "DataFlowAnalyzer.trace_variable": {"executed_lines": [], "summary": {"covered_lines": 0, "num_statements": 6, "percent_covered": 0.0, "percent_covered_display": "0", "missing_lines": 6, "excluded_lines": 0, "percent_statements_covered": 0.0, "percent_statements_covered_display": "0"}, "missing_lines": [191, 194, 195, 197, 198, 200], "excluded_lines": [], "start_line": 189}, "DataFlowAnalyzer.get_data_dependencies": {"executed_lines": [], "summary": {"covered_lines": 0, "num_statements": 7, "percent_covered": 0.0, "percent_covered_display": "0", "missing_lines": 7, "excluded_lines": 0, "percent_statements_covered": 0.0, "percent_statements_covered_display": "0"}, "missing_lines": [209, 210, 212, 213, 214, 215, 217], "excluded_lines": [], "start_line": 207}, "DataFlowAnalyzer._build_flow_paths": {"executed_lines": [], "summary": {"covered_lines": 0, "num_statements": 9, "percent_covered": 0.0, "percent_covered_display": "0", "missing_lines": 9, "excluded_lines": 0, "percent_statements_covered": 0.0, "percent_statements_covered_display": "0"}, "missing_lines": [221, 222, 224, 225, 226, 228, 229, 235, 237], "excluded_lines": [], "start_line": 219}, "DataFlowAnalyzer._calculate_flow_complexity": {"executed_lines": [], "summary": {"covered_lines": 0, "num_statements": 6, "percent_covered": 0.0, "percent_covered_display": "0", "missing_lines": 6, "excluded_lines": 0, "percent_statements_covered": 0.0, "percent_statements_covered_display": "0"}, "missing_lines": [241, 242, 249, 250, 251, 253], "excluded_lines": [], "start_line": 239}, "DataFlowAnalyzer._issue_to_dict": {"executed_lines": [], "summary": {"covered_lines": 0, "num_statements": 1, "percent_covered": 0.0, "percent_covered_display": "0", "missing_lines": 1, "excluded_lines": 0, "percent_statements_covered": 0.0, "percent_statements_covered_display": "0"}, "missing_lines": [257], "excluded_lines": [], "start_line": 255}, "DataFlowVisitor.__init__": {"executed_lines": [], "summary": {"covered_lines": 0, "num_statements": 6, "percent_covered": 0.0, "percent_covered_display": "0", "missing_lines": 6, "excluded_lines": 0, "percent_statements_covered": 0.0, "percent_statements_covered_display": "0"}, "missing_lines": [271, 272, 273, 274, 275, 276], "excluded_lines": [], "start_line": 270}, "DataFlowVisitor.visit_FunctionDef": {"executed_lines": [], "summary": {"covered_lines": 0, "num_statements": 4, "percent_covered": 0.0, "percent_covered_display": "0", "missing_lines": 4, "excluded_lines": 0, "percent_statements_covered": 0.0, "percent_statements_covered_display": "0"}, "missing_lines": [281, 282, 289, 291], "excluded_lines": [], "start_line": 278}, "DataFlowVisitor.visit_Assign": {"executed_lines": [], "summary": {"covered_lines": 0, "num_statements": 15, "percent_covered": 0.0, "percent_covered_display": "0", "missing_lines": 15, "excluded_lines": 0, "percent_statements_covered": 0.0, "percent_statements_covered_display": "0"}, "missing_lines": [295, 298, 299, 300, 301, 302, 303, 304, 305, 308, 311, 312, 314, 322, 324], "excluded_lines": [], "start_line": 293}, "DataFlowVisitor.visit_AugAssign": {"executed_lines": [], "summary": {"covered_lines": 0, "num_statements": 6, "percent_covered": 0.0, "percent_covered_display": "0", "missing_lines": 6, "excluded_lines": 0, "percent_statements_covered": 0.0, "percent_statements_covered_display": "0"}, "missing_lines": [328, 329, 330, 331, 333, 342], "excluded_lines": [], "start_line": 326}, "DataFlowVisitor.visit_Name": {"executed_lines": [], "summary": {"covered_lines": 0, "num_statements": 6, "percent_covered": 0.0, "percent_covered_display": "0", "missing_lines": 6, "excluded_lines": 0, "percent_statements_covered": 0.0, "percent_statements_covered_display": "0"}, "missing_lines": [346, 348, 354, 357, 358, 367], "excluded_lines": [], "start_line": 344}, "DataFlowVisitor.visit_Return": {"executed_lines": [], "summary": {"covered_lines": 0, "num_statements": 5, "percent_covered": 0.0, "percent_covered_display": "0", "missing_lines": 5, "excluded_lines": 0, "percent_statements_covered": 0.0, "percent_statements_covered_display": "0"}, "missing_lines": [371, 372, 374, 375, 383], "excluded_lines": [], "start_line": 369}, "DataFlowVisitor.visit_Global": {"executed_lines": [], "summary": {"covered_lines": 0, "num_statements": 4, "percent_covered": 0.0, "percent_covered_display": "0", "missing_lines": 4, "excluded_lines": 0, "percent_statements_covered": 0.0, "percent_statements_covered_display": "0"}, "missing_lines": [387, 388, 395, 397], "excluded_lines": [], "start_line": 385}, "DataFlowVisitor._extract_names": {"executed_lines": [], "summary": {"covered_lines": 0, "num_statements": 5, "percent_covered": 0.0, "percent_covered_display": "0", "missing_lines": 5, "excluded_lines": 0, "percent_statements_covered": 0.0, "percent_statements_covered_display": "0"}, "missing_lines": [401, 402, 403, 404, 405], "excluded_lines": [], "start_line": 399}, "DataFlowVisitor.finalize": {"executed_lines": [], "summary": {"covered_lines": 0, "num_statements": 7, "percent_covered": 0.0, "percent_covered_display": "0", "missing_lines": 7, "excluded_lines": 0, "percent_statements_covered": 0.0, "percent_statements_covered_display": "0"}, "missing_lines": [409, 411, 412, 414, 415, 416, 424], "excluded_lines": [], "start_line": 407}, "": {"executed_lines": [], "summary": {"covered_lines": 0, "num_statements": 62, "percent_covered": 0.0, "percent_covered_display": "0", "missing_lines": 62, "excluded_lines": 0, "percent_statements_covered": 0.0, "percent_statements_covered_display": "0"}, "missing_lines": [10, 12, 13, 14, 15, 16, 18, 21, 23, 24, 25, 26, 27, 28, 31, 32, 35, 36, 37, 38, 41, 42, 45, 46, 49, 50, 53, 54, 55, 56, 58, 66, 67, 70, 71, 72, 73, 74, 75, 78, 81, 86, 114, 144, 151, 155, 172, 189, 207, 219, 239, 255, 267, 270, 278, 293, 326, 344, 369, 385, 399, 407], "excluded_lines": [], "start_line": 1}}, "classes": {"DataFlowType": {"executed_lines": [], "summary": {"covered_lines": 0, "num_statements": 0, "percent_covered": 100.0, "percent_covered_display": "100", "missing_lines": 0, "excluded_lines": 0, "percent_statements_covered": 100.0, "percent_statements_covered_display": "100"}, "missing_lines": [], "excluded_lines": [], "start_line": 21}, "DataFlowNode": {"executed_lines": [], "summary": {"covered_lines": 0, "num_statements": 0, "percent_covered": 100.0, "percent_covered_display": "100", "missing_lines": 0, "excluded_lines": 0, "percent_statements_covered": 100.0, "percent_statements_covered_display": "100"}, "missing_lines": [], "excluded_lines": [], "start_line": 32}, "DataFlowPath": {"executed_lines": [], "summary": {"covered_lines": 0, "num_statements": 4, "percent_covered": 0.0, "percent_covered_display": "0", "missing_lines": 4, "excluded_lines": 0, "percent_statements_covered": 0.0, "percent_statements_covered_display": "0"}, "missing_lines": [60, 61, 62, 63], "excluded_lines": [], "start_line": 50}, "DataFlowIssue": {"executed_lines": [], "summary": {"covered_lines": 0, "num_statements": 0, "percent_covered": 100.0, "percent_covered_display": "100", "missing_lines": 0, "excluded_lines": 0, "percent_statements_covered": 100.0, "percent_statements_covered_display": "100"}, "missing_lines": [], "excluded_lines": [], "start_line": 67}, "DataFlowAnalyzer": {"executed_lines": [], "summary": {"covered_lines": 0, "num_statements": 84, "percent_covered": 0.0, "percent_covered_display": "0", "missing_lines": 84, "excluded_lines": 0, "percent_statements_covered": 0.0, "percent_statements_covered_display": "0"}, "missing_lines": [82, 83, 84, 88, 89, 91, 92, 93, 94, 95, 97, 98, 101, 103, 111, 112, 116, 117, 118, 121, 122, 123, 124, 125, 126, 128, 136, 141, 142, 146, 147, 149, 153, 157, 158, 160, 161, 162, 164, 165, 166, 167, 168, 170, 174, 175, 177, 178, 179, 181, 182, 183, 184, 185, 187, 191, 194, 195, 197, 198, 200, 209, 210, 212, 213, 214, 215, 217, 221, 222, 224, 225, 226, 228, 229, 235, 237, 241, 242, 249, 250, 251, 253, 257], "excluded_lines": [], "start_line": 78}, "DataFlowVisitor": {"executed_lines": [], "summary": {"covered_lines": 0, "num_statements": 58, "percent_covered": 0.0, "percent_covered_display": "0", "missing_lines": 58, "excluded_lines": 0, "percent_statements_covered": 0.0, "percent_statements_covered_display": "0"}, "missing_lines": [271, 272, 273, 274, 275, 276, 281, 282, 289, 291, 295, 298, 299, 300, 301, 302, 303, 304, 305, 308, 311, 312, 314, 322, 324, 328, 329, 330, 331, 333, 342, 346, 348, 354, 357, 358, 367, 371, 372, 374, 375, 383, 387, 388, 395, 397, 401, 402, 403, 404, 405, 409, 411, 412, 414, 415, 416, 424], "excluded_lines": [], "start_line": 267}, "": {"executed_lines": [], "summary": {"covered_lines": 0, "num_statements": 62, "percent_covered": 0.0, "percent_covered_display": "0", "missing_lines": 62, "excluded_lines": 0, "percent_statements_covered": 0.0, "percent_statements_covered_display": "0"}, "missing_lines": [10, 12, 13, 14, 15, 16, 18, 21, 23, 24, 25, 26, 27, 28, 31, 32, 35, 36, 37, 38, 41, 42, 45, 46, 49, 50, 53, 54, 55, 56, 58, 66, 67, 70, 71, 72, 73, 74, 75, 78, 81, 86, 114, 144, 151, 155, 172, 189, 207, 219, 239, 255, 267, 270, 278, 293, 326, 344, 369, 385, 399, 407], "excluded_lines": [], "start_line": 1}}}, "analysis\\code\\dependency.py": {"executed_lines": [], "summary": {"covered_lines": 0, "num_statements": 245, "percent_covered": 0.0, "percent_covered_display": "0", "missing_lines": 245, "excluded_lines": 0, "percent_statements_covered": 0.0, "percent_statements_covered_display": "0"}, "missing_lines": [7, 9, 10, 11, 12, 13, 16, 18, 19, 20, 21, 22, 23, 26, 27, 30, 31, 32, 33, 34, 36, 37, 40, 43, 44, 45, 47, 49, 50, 51, 53, 55, 56, 57, 58, 60, 62, 63, 64, 65, 67, 69, 70, 72, 73, 74, 75, 77, 78, 79, 80, 81, 83, 84, 86, 88, 89, 91, 92, 94, 95, 96, 97, 98, 100, 101, 103, 104, 106, 107, 108, 110, 111, 113, 115, 117, 119, 120, 121, 122, 124, 125, 126, 128, 130, 132, 134, 135, 136, 137, 140, 141, 142, 143, 144, 146, 148, 157, 158, 160, 161, 163, 164, 165, 174, 175, 178, 181, 182, 184, 186, 187, 189, 190, 191, 192, 193, 194, 195, 197, 199, 200, 201, 202, 203, 204, 205, 206, 207, 209, 210, 213, 214, 215, 217, 219, 222, 225, 226, 227, 228, 229, 231, 233, 234, 235, 236, 237, 238, 240, 242, 243, 244, 250, 251, 253, 255, 256, 257, 258, 259, 265, 266, 268, 270, 271, 274, 275, 276, 277, 283, 284, 285, 286, 292, 295, 296, 297, 298, 304, 306, 307, 309, 311, 312, 314, 317, 318, 319, 320, 326, 329, 330, 331, 332, 338, 340, 341, 343, 345, 346, 348, 349, 350, 351, 353, 354, 360, 362, 364, 366, 367, 369, 370, 376, 378, 380, 382, 383, 385, 386, 387, 389, 390, 392, 394, 396, 397, 398, 399, 400, 401, 402, 403, 404, 405, 407, 409, 410, 411, 412, 413, 415, 416, 417], "excluded_lines": [], "functions": {"Dependency.__str__": {"executed_lines": [], "summary": {"covered_lines": 0, "num_statements": 1, "percent_covered": 0.0, "percent_covered_display": "0", "missing_lines": 1, "excluded_lines": 0, "percent_statements_covered": 0.0, "percent_statements_covered_display": "0"}, "missing_lines": [37], "excluded_lines": [], "start_line": 36}, "DependencyGraph.__init__": {"executed_lines": [], "summary": {"covered_lines": 0, "num_statements": 2, "percent_covered": 0.0, "percent_covered_display": "0", "missing_lines": 2, "excluded_lines": 0, "percent_statements_covered": 0.0, "percent_statements_covered_display": "0"}, "missing_lines": [44, 45], "excluded_lines": [], "start_line": 43}, "DependencyGraph.add_dependency": {"executed_lines": [], "summary": {"covered_lines": 0, "num_statements": 3, "percent_covered": 0.0, "percent_covered_display": "0", "missing_lines": 3, "excluded_lines": 0, "percent_statements_covered": 0.0, "percent_statements_covered_display": "0"}, "missing_lines": [49, 50, 51], "excluded_lines": [], "start_line": 47}, "DependencyGraph.get_dependencies_of": {"executed_lines": [], "summary": {"covered_lines": 0, "num_statements": 4, "percent_covered": 0.0, "percent_covered_display": "0", "missing_lines": 4, "excluded_lines": 0, "percent_statements_covered": 0.0, "percent_statements_covered_display": "0"}, "missing_lines": [55, 56, 57, 58], "excluded_lines": [], "start_line": 53}, "DependencyGraph.get_dependents_of": {"executed_lines": [], "summary": {"covered_lines": 0, "num_statements": 4, "percent_covered": 0.0, "percent_covered_display": "0", "missing_lines": 4, "excluded_lines": 0, "percent_statements_covered": 0.0, "percent_statements_covered_display": "0"}, "missing_lines": [62, 63, 64, 65], "excluded_lines": [], "start_line": 60}, "DependencyGraph.get_transitive_dependencies": {"executed_lines": [], "summary": {"covered_lines": 0, "num_statements": 13, "percent_covered": 0.0, "percent_covered_display": "0", "missing_lines": 13, "excluded_lines": 0, "percent_statements_covered": 0.0, "percent_statements_covered_display": "0"}, "missing_lines": [69, 70, 72, 73, 74, 75, 77, 78, 79, 80, 81, 83, 84], "excluded_lines": [], "start_line": 67}, "DependencyGraph.get_circular_dependencies": {"executed_lines": [], "summary": {"covered_lines": 0, "num_statements": 6, "percent_covered": 0.0, "percent_covered_display": "0", "missing_lines": 6, "excluded_lines": 0, "percent_statements_covered": 0.0, "percent_statements_covered_display": "0"}, "missing_lines": [88, 89, 91, 110, 111, 113], "excluded_lines": [], "start_line": 86}, "DependencyGraph.get_circular_dependencies.dfs": {"executed_lines": [], "summary": {"covered_lines": 0, "num_statements": 13, "percent_covered": 0.0, "percent_covered_display": "0", "missing_lines": 13, "excluded_lines": 0, "percent_statements_covered": 0.0, "percent_statements_covered_display": "0"}, "missing_lines": [92, 94, 95, 96, 97, 98, 100, 101, 103, 104, 106, 107, 108], "excluded_lines": [], "start_line": 91}, "DependencyGraph.get_module_dependencies": {"executed_lines": [], "summary": {"covered_lines": 0, "num_statements": 9, "percent_covered": 0.0, "percent_covered_display": "0", "missing_lines": 9, "excluded_lines": 0, "percent_statements_covered": 0.0, "percent_statements_covered_display": "0"}, "missing_lines": [117, 119, 120, 121, 122, 124, 125, 126, 128], "excluded_lines": [], "start_line": 115}, "DependencyGraph.visualize": {"executed_lines": [], "summary": {"covered_lines": 0, "num_statements": 11, "percent_covered": 0.0, "percent_covered_display": "0", "missing_lines": 11, "excluded_lines": 0, "percent_statements_covered": 0.0, "percent_statements_covered_display": "0"}, "missing_lines": [132, 134, 135, 136, 137, 140, 141, 142, 143, 144, 146], "excluded_lines": [], "start_line": 130}, "DependencyGraph._visualize_entity": {"executed_lines": [], "summary": {"covered_lines": 0, "num_statements": 9, "percent_covered": 0.0, "percent_covered_display": "0", "missing_lines": 9, "excluded_lines": 0, "percent_statements_covered": 0.0, "percent_statements_covered_display": "0"}, "missing_lines": [157, 158, 160, 161, 163, 164, 165, 174, 175], "excluded_lines": [], "start_line": 148}, "DependencyAnalyzer.__init__": {"executed_lines": [], "summary": {"covered_lines": 0, "num_statements": 1, "percent_covered": 0.0, "percent_covered_display": "0", "missing_lines": 1, "excluded_lines": 0, "percent_statements_covered": 0.0, "percent_statements_covered_display": "0"}, "missing_lines": [182], "excluded_lines": [], "start_line": 181}, "DependencyAnalyzer.analyze_file": {"executed_lines": [], "summary": {"covered_lines": 0, "num_statements": 9, "percent_covered": 0.0, "percent_covered_display": "0", "missing_lines": 9, "excluded_lines": 0, "percent_statements_covered": 0.0, "percent_statements_covered_display": "0"}, "missing_lines": [186, 187, 189, 190, 191, 192, 193, 194, 195], "excluded_lines": [], "start_line": 184}, "DependencyAnalyzer.analyze_directory": {"executed_lines": [], "summary": {"covered_lines": 0, "num_statements": 14, "percent_covered": 0.0, "percent_covered_display": "0", "missing_lines": 14, "excluded_lines": 0, "percent_statements_covered": 0.0, "percent_statements_covered_display": "0"}, "missing_lines": [199, 200, 201, 202, 203, 204, 205, 206, 207, 209, 210, 213, 214, 215], "excluded_lines": [], "start_line": 197}, "DependencyAnalyzer.get_graph": {"executed_lines": [], "summary": {"covered_lines": 0, "num_statements": 1, "percent_covered": 0.0, "percent_covered_display": "0", "missing_lines": 1, "excluded_lines": 0, "percent_statements_covered": 0.0, "percent_statements_covered_display": "0"}, "missing_lines": [219], "excluded_lines": [], "start_line": 217}, "DependencyVisitor.__init__": {"executed_lines": [], "summary": {"covered_lines": 0, "num_statements": 4, "percent_covered": 0.0, "percent_covered_display": "0", "missing_lines": 4, "excluded_lines": 0, "percent_statements_covered": 0.0, "percent_statements_covered_display": "0"}, "missing_lines": [226, 227, 228, 229], "excluded_lines": [], "start_line": 225}, "DependencyVisitor._get_current_context": {"executed_lines": [], "summary": {"covered_lines": 0, "num_statements": 6, "percent_covered": 0.0, "percent_covered_display": "0", "missing_lines": 6, "excluded_lines": 0, "percent_statements_covered": 0.0, "percent_statements_covered_display": "0"}, "missing_lines": [233, 234, 235, 236, 237, 238], "excluded_lines": [], "start_line": 231}, "DependencyVisitor.visit_Import": {"executed_lines": [], "summary": {"covered_lines": 0, "num_statements": 5, "percent_covered": 0.0, "percent_covered_display": "0", "missing_lines": 5, "excluded_lines": 0, "percent_statements_covered": 0.0, "percent_statements_covered_display": "0"}, "missing_lines": [242, 243, 244, 250, 251], "excluded_lines": [], "start_line": 240}, "DependencyVisitor.visit_ImportFrom": {"executed_lines": [], "summary": {"covered_lines": 0, "num_statements": 7, "percent_covered": 0.0, "percent_covered_display": "0", "missing_lines": 7, "excluded_lines": 0, "percent_statements_covered": 0.0, "percent_statements_covered_display": "0"}, "missing_lines": [255, 256, 257, 258, 259, 265, 266], "excluded_lines": [], "start_line": 253}, "DependencyVisitor.visit_ClassDef": {"executed_lines": [], "summary": {"covered_lines": 0, "num_statements": 18, "percent_covered": 0.0, "percent_covered_display": "0", "missing_lines": 18, "excluded_lines": 0, "percent_statements_covered": 0.0, "percent_statements_covered_display": "0"}, "missing_lines": [270, 271, 274, 275, 276, 277, 283, 284, 285, 286, 292, 295, 296, 297, 298, 304, 306, 307], "excluded_lines": [], "start_line": 268}, "DependencyVisitor.visit_FunctionDef": {"executed_lines": [], "summary": {"covered_lines": 0, "num_statements": 15, "percent_covered": 0.0, "percent_covered_display": "0", "missing_lines": 15, "excluded_lines": 0, "percent_statements_covered": 0.0, "percent_statements_covered_display": "0"}, "missing_lines": [311, 312, 314, 317, 318, 319, 320, 326, 329, 330, 331, 332, 338, 340, 341], "excluded_lines": [], "start_line": 309}, "DependencyVisitor.visit_Call": {"executed_lines": [], "summary": {"covered_lines": 0, "num_statements": 10, "percent_covered": 0.0, "percent_covered_display": "0", "missing_lines": 10, "excluded_lines": 0, "percent_statements_covered": 0.0, "percent_statements_covered_display": "0"}, "missing_lines": [345, 346, 348, 349, 350, 351, 353, 354, 360, 362], "excluded_lines": [], "start_line": 343}, "DependencyVisitor.visit_Attribute": {"executed_lines": [], "summary": {"covered_lines": 0, "num_statements": 6, "percent_covered": 0.0, "percent_covered_display": "0", "missing_lines": 6, "excluded_lines": 0, "percent_statements_covered": 0.0, "percent_statements_covered_display": "0"}, "missing_lines": [366, 367, 369, 370, 376, 378], "excluded_lines": [], "start_line": 364}, "DependencyVisitor._get_attribute_name": {"executed_lines": [], "summary": {"covered_lines": 0, "num_statements": 8, "percent_covered": 0.0, "percent_covered_display": "0", "missing_lines": 8, "excluded_lines": 0, "percent_statements_covered": 0.0, "percent_statements_covered_display": "0"}, "missing_lines": [382, 383, 385, 386, 387, 389, 390, 392], "excluded_lines": [], "start_line": 380}, "DependencyVisitor._get_decorator_name": {"executed_lines": [], "summary": {"covered_lines": 0, "num_statements": 10, "percent_covered": 0.0, "percent_covered_display": "0", "missing_lines": 10, "excluded_lines": 0, "percent_statements_covered": 0.0, "percent_statements_covered_display": "0"}, "missing_lines": [396, 397, 398, 399, 400, 401, 402, 403, 404, 405], "excluded_lines": [], "start_line": 394}, "DependencyVisitor._get_annotation_name": {"executed_lines": [], "summary": {"covered_lines": 0, "num_statements": 8, "percent_covered": 0.0, "percent_covered_display": "0", "missing_lines": 8, "excluded_lines": 0, "percent_statements_covered": 0.0, "percent_statements_covered_display": "0"}, "missing_lines": [409, 410, 411, 412, 413, 415, 416, 417], "excluded_lines": [], "start_line": 407}, "": {"executed_lines": [], "summary": {"covered_lines": 0, "num_statements": 48, "percent_covered": 0.0, "percent_covered_display": "0", "missing_lines": 48, "excluded_lines": 0, "percent_statements_covered": 0.0, "percent_statements_covered_display": "0"}, "missing_lines": [7, 9, 10, 11, 12, 13, 16, 18, 19, 20, 21, 22, 23, 26, 27, 30, 31, 32, 33, 34, 36, 40, 43, 47, 53, 60, 67, 86, 115, 130, 148, 178, 181, 184, 197, 217, 222, 225, 231, 240, 253, 268, 309, 343, 364, 380, 394, 407], "excluded_lines": [], "start_line": 1}}, "classes": {"DependencyType": {"executed_lines": [], "summary": {"covered_lines": 0, "num_statements": 0, "percent_covered": 100.0, "percent_covered_display": "100", "missing_lines": 0, "excluded_lines": 0, "percent_statements_covered": 100.0, "percent_statements_covered_display": "100"}, "missing_lines": [], "excluded_lines": [], "start_line": 16}, "Dependency": {"executed_lines": [], "summary": {"covered_lines": 0, "num_statements": 1, "percent_covered": 0.0, "percent_covered_display": "0", "missing_lines": 1, "excluded_lines": 0, "percent_statements_covered": 0.0, "percent_statements_covered_display": "0"}, "missing_lines": [37], "excluded_lines": [], "start_line": 27}, "DependencyGraph": {"executed_lines": [], "summary": {"covered_lines": 0, "num_statements": 74, "percent_covered": 0.0, "percent_covered_display": "0", "missing_lines": 74, "excluded_lines": 0, "percent_statements_covered": 0.0, "percent_statements_covered_display": "0"}, "missing_lines": [44, 45, 49, 50, 51, 55, 56, 57, 58, 62, 63, 64, 65, 69, 70, 72, 73, 74, 75, 77, 78, 79, 80, 81, 83, 84, 88, 89, 91, 92, 94, 95, 96, 97, 98, 100, 101, 103, 104, 106, 107, 108, 11
[...]
: 1}}}, "tests\\test_optimized_memory.py": {"executed_lines": [], "summary": {"covered_lines": 0, "num_statements": 65, "percent_covered": 0.0, "percent_covered_display": "0", "missing_lines": 65, "excluded_lines": 0, "percent_statements_covered": 0.0, "percent_statements_covered_display": "0"}, "missing_lines": [3, 4, 5, 6, 7, 10, 12, 13, 15, 18, 19, 20, 21, 24, 25, 26, 27, 30, 33, 35, 36, 38, 41, 42, 43, 44, 47, 48, 49, 50, 53, 55, 56, 59, 61, 62, 65, 66, 68, 69, 72, 74, 75, 78, 84, 85, 88, 95, 96, 98, 99, 102, 104, 105, 108, 109, 111, 112, 115, 117, 118, 119, 120, 123, 124], "excluded_lines": [], "functions": {"test_cached_embedding_basic": {"executed_lines": [], "summary": {"covered_lines": 0, "num_statements": 12, "percent_covered": 0.0, "percent_covered_display": "0", "missing_lines": 12, "excluded_lines": 0, "percent_statements_covered": 0.0, "percent_statements_covered_display": "0"}, "missing_lines": [12, 13, 15, 18, 19, 20, 21, 24, 25, 26, 27, 30], "excluded_lines": [], "start_line": 10}, "test_cached_embedding_performance": {"executed_lines": [], "summary": {"covered_lines": 0, "num_statements": 14, "percent_covered": 0.0, "percent_covered_display": "0", "missing_lines": 14, "excluded_lines": 0, "percent_statements_covered": 0.0, "percent_statements_covered_display": "0"}, "missing_lines": [35, 36, 38, 41, 42, 43, 44, 47, 48, 49, 50, 53, 55, 56], "excluded_lines": [], "start_line": 33}, "test_cached_embedding_lru_eviction": {"executed_lines": [], "summary": {"covered_lines": 0, "num_statements": 6, "percent_covered": 0.0, "percent_covered_display": "0", "missing_lines": 6, "excluded_lines": 0, "percent_statements_covered": 0.0, "percent_statements_covered_display": "0"}, "missing_lines": [61, 62, 65, 66, 68, 69], "excluded_lines": [], "start_line": 59}, "test_cached_embedding_disk_cache": {"executed_lines": [], "summary": {"covered_lines": 0, "num_statements": 10, "percent_covered": 0.0, "percent_covered_display": "0", "missing_lines": 10, "excluded_lines": 0, "percent_statements_covered": 0.0, "percent_statements_covered_display": "0"}, "missing_lines": [74, 75, 78, 84, 85, 88, 95, 96, 98, 99], "excluded_lines": [], "start_line": 72}, "test_cached_embedding_clear": {"executed_lines": [], "summary": {"covered_lines": 0, "num_statements": 11, "percent_covered": 0.0, "percent_covered_display": "0", "missing_lines": 11, "excluded_lines": 0, "percent_statements_covered": 0.0, "percent_statements_covered_display": "0"}, "missing_lines": [104, 105, 108, 109, 111, 112, 115, 117, 118, 119, 120], "excluded_lines": [], "start_line": 102}, "": {"executed_lines": [], "summary": {"covered_lines": 0, "num_statements": 12, "percent_covered": 0.0, "percent_covered_display": "0", "missing_lines": 12, "excluded_lines": 0, "percent_statements_covered": 0.0, "percent_statements_covered_display": "0"}, "missing_lines": [3, 4, 5, 6, 7, 10, 33, 59, 72, 102, 123, 124], "excluded_lines": [], "start_line": 1}}, "classes": {"": {"executed_lines": [], "summary": {"covered_lines": 0, "num_statements": 65, "percent_covered": 0.0, "percent_covered_display": "0", "missing_lines": 65, "excluded_lines": 0, "percent_statements_covered": 0.0, "percent_statements_covered_display": "0"}, "missing_lines": [3, 4, 5, 6, 7, 10, 12, 13, 15, 18, 19, 20, 21, 24, 25, 26, 27, 30, 33, 35, 36, 38, 41, 42, 43, 44, 47, 48, 49, 50, 53, 55, 56, 59, 61, 62, 65, 66, 68, 69, 72, 74, 75, 78, 84, 85, 88, 95, 96, 98, 99, 102, 104, 105, 108, 109, 111, 112, 115, 117, 118, 119, 120, 123, 124], "excluded_lines": [], "start_line": 1}}}, "tests\\test_persistent_memory.py": {"executed_lines": [], "summary": {"covered_lines": 0, "num_statements": 43, "percent_covered": 0.0, "percent_covered_display": "0", "missing_lines": 43, "excluded_lines": 0, "percent_statements_covered": 0.0, "percent_statements_covered_display": "0"}, "missing_lines": [3, 4, 5, 6, 9, 10, 14, 17, 18, 19, 22, 25, 28, 31, 34, 35, 37, 40, 41, 44, 45, 46, 47, 50, 51, 54, 56, 58, 61, 62, 63, 64, 66, 69, 70, 71, 72, 74, 75, 76, 78, 79, 81], "excluded_lines": [], "functions": {"test_conversation_saved_to_dsm": {"executed_lines": [], "summary": {"covered_lines": 0, "num_statements": 11, "percent_covered": 0.0, "percent_covered_display": "0", "missing_lines": 11, "excluded_lines": 0, "percent_statements_covered": 0.0, "percent_statements_covered_display": "0"}, "missing_lines": [14, 17, 18, 19, 22, 25, 28, 31, 34, 35, 37], "excluded_lines": [], "start_line": 10}, "test_conversation_metadata": {"executed_lines": [], "summary": {"covered_lines": 0, "num_statements": 14, "percent_covered": 0.0, "percent_covered_display": "0", "missing_lines": 14, "excluded_lines": 0, "percent_statements_covered": 0.0, "percent_statements_covered_display": "0"}, "missing_lines": [44, 45, 46, 47, 50, 51, 54, 56, 58, 61, 62, 63, 64, 66], "excluded_lines": [], "start_line": 41}, "": {"executed_lines": [], "summary": {"covered_lines": 0, "num_statements": 18, "percent_covered": 0.0, "percent_covered_display": "0", "missing_lines": 18, "excluded_lines": 0, "percent_statements_covered": 0.0, "percent_statements_covered_display": "0"}, "missing_lines": [3, 4, 5, 6, 9, 10, 40, 41, 69, 70, 71, 72, 74, 75, 76, 78, 79, 81], "excluded_lines": [], "start_line": 1}}, "classes": {"": {"executed_lines": [], "summary": {"covered_lines": 0, "num_statements": 43, "percent_covered": 0.0, "percent_covered_display": "0", "missing_lines": 43, "excluded_lines": 0, "percent_statements_covered": 0.0, "percent_statements_covered_display": "0"}, "missing_lines": [3, 4, 5, 6, 9, 10, 14, 17, 18, 19, 22, 25, 28, 31, 34, 35, 37, 40, 41, 44, 45, 46, 47, 50, 51, 54, 56, 58, 61, 62, 63, 64, 66, 69, 70, 71, 72, 74, 75, 76, 78, 79, 81], "excluded_lines": [], "start_line": 1}}}, "tests\\test_persona_immersion.py": {"executed_lines": [], "summary": {"covered_lines": 0, "num_statements": 60, "percent_covered": 0.0, "percent_covered_display": "0", "missing_lines": 60, "excluded_lines": 0, "percent_statements_covered": 0.0, "percent_statements_covered_display": "0"}, "missing_lines": [3, 5, 7, 9, 10, 11, 14, 15, 16, 17, 20, 21, 22, 24, 26, 27, 29, 30, 32, 33, 34, 37, 46, 47, 48, 49, 51, 54, 55, 56, 58, 59, 61, 62, 63, 65, 73, 74, 75, 76, 78, 81, 82, 83, 85, 86, 88, 89, 90, 92, 100, 101, 102, 103, 105, 107, 108, 109, 111, 112], "excluded_lines": [], "functions": {"test_persona_immersion": {"executed_lines": [], "summary": {"covered_lines": 0, "num_statements": 56, "percent_covered": 0.0, "percent_covered_display": "0", "missing_lines": 56, "excluded_lines": 0, "percent_statements_covered": 0.0, "percent_statements_covered_display": "0"}, "missing_lines": [7, 9, 10, 11, 14, 15, 16, 17, 20, 21, 22, 24, 26, 27, 29, 30, 32, 33, 34, 37, 46, 47, 48, 49, 51, 54, 55, 56, 58, 59, 61, 62, 63, 65, 73, 74, 75, 76, 78, 81, 82, 83, 85, 86, 88, 89, 90, 92, 100, 101, 102, 103, 105, 107, 108, 109], "excluded_lines": [], "start_line": 5}, "": {"executed_lines": [], "summary": {"covered_lines": 0, "num_statements": 4, "percent_covered": 0.0, "percent_covered_display": "0", "missing_lines": 4, "excluded_lines": 0, "percent_statements_covered": 0.0, "percent_statements_covered_display": "0"}, "missing_lines": [3, 5, 111, 112], "excluded_lines": [], "start_line": 1}}, "classes": {"": {"executed_lines": [], "summary": {"covered_lines": 0, "num_statements": 60, "percent_covered": 0.0, "percent_covered_display": "0", "missing_lines": 60, "excluded_lines": 0, "percent_statements_covered": 0.0, "percent_statements_covered_display": "0"}, "missing_lines": [3, 5, 7, 9, 10, 11, 14, 15, 16, 17, 20, 21, 22, 24, 26, 27, 29, 30, 32, 33, 34, 37, 46, 47, 48, 49, 51, 54, 55, 56, 58, 59, 61, 62, 63, 65, 73, 74, 75, 76, 78, 81, 82, 83, 85, 86, 88, 89, 90, 92, 100, 101, 102, 103, 105, 107, 108, 109, 111, 112], "excluded_lines": [], "start_line": 1}}}, "tests\\test_phase3.py": {"executed_lines": [], "summary": {"covered_lines": 0, "num_statements": 124, "percent_covered": 0.0, "percent_covered_display": "0", "missing_lines": 124, "excluded_lines": 0, "percent_statements_covered": 0.0, "percent_statements_covered_display": "0"}, "missing_lines": [9, 10, 11, 13, 23, 26, 29, 35, 38, 48, 51, 52, 53, 56, 58, 59, 60, 63, 64, 65, 67, 70, 73, 81, 91, 92, 94, 95, 96, 99, 100, 102, 105, 107, 115, 122, 123, 126, 127, 129, 131, 134, 136, 142, 149, 150, 153, 154, 156, 157, 159, 162, 164, 165, 168, 169, 183, 184, 185, 188, 190, 191, 192, 195, 196, 197, 198, 200, 203, 205, 208, 215, 222, 229, 230, 231, 233, 234, 237, 239, 240, 241, 242, 244, 247, 249, 252, 260, 268, 276, 277, 278, 280, 281, 284, 287, 289, 292, 294, 295, 298, 299, 324, 325, 326, 329, 332, 334, 335, 336, 339, 340, 342, 345, 346, 348, 349, 350, 351, 352, 353, 354, 355, 357], "excluded_lines": [], "functions": {"test_context_linker_basic": {"executed_lines": [], "summary": {"covered_lines": 0, "num_statements": 16, "percent_covered": 0.0, "percent_covered_display": "0", "missing_lines": 16, "excluded_lines": 0, "percent_statements_covered": 0.0, "percent_statements_covered_display": "0"}, "missing_lines": [26, 29, 35, 38, 48, 51, 52, 53, 56, 58, 59, 60, 63, 64, 65, 67], "excluded_lines": [], "start_line": 23}, "test_data_flow_analyzer_basic": {"executed_lines": [], "summary": {"covered_lines": 0, "num_statements": 10, "percent_covered": 0.0, "percent_covered_display": "0", "missing_lines": 10, "excluded_lines": 0, "percent_statements_covered": 0.0, "percent_statements_covered_display": "0"}, "missing_lines": [73, 81, 91, 92, 94, 95, 96, 99, 100, 102], "excluded_lines": [], "start_line": 70}, "test_data_flow_unused_variables": {"executed_lines": [], "summary": {"covered_lines": 0, "num_statements": 8, "percent_covered": 0.0, "percent_covered_display": "0", "missing_lines": 8, "excluded_lines": 0, "percent_statements_covered": 0.0, "percent_statements_covered_display": "0"}, "missing_lines": [107, 115, 122, 123, 126, 127, 129, 131], "excluded_lines": [], "start_line": 105}, "test_data_flow_uninitialized_access": {"executed_lines": [], "summary": {"covered_lines": 0, "num_statements": 9, "percent_covered": 0.0, "percent_covered_display": "0", "missing_lines": 9, "excluded_lines": 0, "percent_statements_covered": 0.0, "percent_statements_covered_display": "0"}, "missing_lines": [136, 142, 149, 150, 153, 154, 156, 157, 159], "excluded_lines": [], "start_line": 134}, "test_semantic_graph_enriched_context": {"executed_lines": [], "summary": {"covered_lines": 0, "num_statements": 16, "percent_covered": 0.0, "percent_covered_display": "0", "missing_lines": 16, "excluded_lines": 0, "percent_statements_covered": 0.0, "percent_statements_covered_display": "0"}, "missing_lines": [164, 165, 168, 169, 183, 184, 185, 188, 190, 191, 192, 195, 196, 197, 198, 200], "excluded_lines": [], "start_line": 162}, "test_change_impact_analysis": {"executed_lines": [], "summary": {"covered_lines": 0, "num_statements": 15, "percent_covered": 0.0, "percent_covered_display": "0", "missing_lines": 15, "excluded_lines": 0, "percent_statements_covered": 0.0, "percent_statements_covered_display": "0"}, "missing_lines": [205, 208, 215, 222, 229, 230, 231, 233, 234, 237, 239, 240, 241, 242, 244], "excluded_lines": [], "start_line": 203}, "test_find_related_code": {"executed_lines": [], "summary": {"covered_lines": 0, "num_statements": 12, "percent_covered": 0.0, "percent_covered_display": "0", "missing_lines": 12, "excluded_lines": 0, "percent_statements_covered": 0.0, "percent_statements_covered_display": "0"}, "missing_lines": [249, 252, 260, 268, 276, 277, 278, 280, 281, 284, 287, 289], "excluded_lines": [], "start_line": 247}, "test_integration_with_agent": {"executed_lines": [], "summary": {"covered_lines": 0, "num_statements": 15, "percent_covered": 0.0, "percent_covered_display": "0", "missing_lines": 15, "excluded_lines": 0, "percent_statements_covered": 0.0, "percent_statements_covered_display": "0"}, "missing_lines": [294, 295, 298, 299, 324, 325, 326, 329, 332, 334, 335, 336, 339, 340, 342], "excluded_lines": [], "start_line": 292}, "": {"executed_lines": [], "summary": {"covered_lines": 0, "num_statements": 23, "percent_covered": 0.0, "percent_covered_display": "0", "missing_lines": 23, "excluded_lines": 0, "percent_statements_covered": 0.0, "percent_statements_covered_display": "0"}, "missing_lines": [9, 10, 11, 13, 23, 70, 105, 134, 162, 203, 247, 292, 345, 346, 348, 349, 350, 351, 352, 353, 354, 355, 357], "excluded_lines": [], "start_line": 1}}, "classes": {"": {"executed_lines": [], "summary": {"covered_lines": 0, "num_statements": 124, "percent_covered": 0.0, "percent_covered_display": "0", "missing_lines": 124, "excluded_lines": 0, "percent_statements_covered": 0.0, "percent_statements_covered_display": "0"}, "missing_lines": [9, 10, 11, 13, 23, 26, 29, 35, 38, 48, 51, 52, 53, 56, 58, 59, 60, 63, 64, 65, 67, 70, 73, 81, 91, 92, 94, 95, 96, 99, 100, 102, 105, 107, 115, 122, 123, 126, 127, 129, 131, 134, 136, 142, 149, 150, 153, 154, 156, 157, 159, 162, 164, 165, 168, 169, 183, 184, 185, 188, 190, 191, 192, 195, 196, 197, 198, 200, 203, 205, 208, 215, 222, 229, 230, 231, 233, 234, 237, 239, 240, 241, 242, 244, 247, 249, 252, 260, 268, 276, 277, 278, 280, 281, 284, 287, 289, 292, 294, 295, 298, 299, 324, 325, 326, 329, 332, 334, 335, 336, 339, 340, 342, 345, 346, 348, 349, 350, 351, 352, 353, 354, 355, 357], "excluded_lines": [], "start_line": 1}}}, "tests\\test_users_api.py": {"executed_lines": [], "summary": {"covered_lines": 0, "num_statements": 49, "percent_covered": 0.0, "percent_covered_display": "0", "missing_lines": 49, "excluded_lines": 0, "percent_statements_covered": 0.0, "percent_statements_covered_display": "0"}, "missing_lines": [1, 2, 3, 4, 7, 8, 10, 13, 15, 21, 23, 24, 25, 26, 27, 28, 31, 33, 39, 41, 42, 45, 47, 53, 55, 56, 58, 64, 67, 73, 74, 75, 78, 80, 81, 82, 83, 84, 85, 88, 90, 92, 93, 96, 98, 104, 106, 107, 108], "excluded_lines": [], "functions": {"test_create_user_success": {"executed_lines": [], "summary": {"covered_lines": 0, "num_statements": 8, "percent_covered": 0.0, "percent_covered_display": "0", "missing_lines": 8, "excluded_lines": 0, "percent_statements_covered": 0.0, "percent_statements_covered_display": "0"}, "missing_lines": [15, 21, 23, 24, 25, 26, 27, 28], "excluded_lines": [], "start_line": 13}, "test_create_user_invalid_email": {"executed_lines": [], "summary": {"covered_lines": 0, "num_statements": 4, "percent_covered": 0.0, "percent_covered_display": "0", "missing_lines": 4, "excluded_lines": 0, "percent_statements_covered": 0.0, "percent_statements_covered_display": "0"}, "missing_lines": [33, 39, 41, 42], "excluded_lines": [], "start_line": 31}, "test_create_user_age_under_18": {"executed_lines": [], "summary": {"covered_lines": 0, "num_statements": 5, "percent_covered": 0.0, "percent_covered_display": "0", "missing_lines": 5, "excluded_lines": 0, "percent_statements_covered": 0.0, "percent_statements_covered_display": "0"}, "missing_lines": [47, 53, 55, 56, 58], "excluded_lines": [], "start_line": 45}, "test_get_user_success": {"executed_lines": [], "summary": {"covered_lines": 0, "num_statements": 11, "percent_covered": 0.0, "percent_covered_display": "0", "missing_lines": 11, "excluded_lines": 0, "percent_statements_covered": 0.0, "percent_statements_covered_display": "0"}, "missing_lines": [67, 73, 74, 75, 78, 80, 81, 82, 83, 84, 85], "excluded_lines": [], "start_line": 64}, "test_get_user_not_found": {"executed_lines": [], "summary": {"covered_lines": 0, "num_statements": 3, "percent_covered": 0.0, "percent_covered_display": "0", "missing_lines": 3, "excluded_lines": 0, "percent_statements_covered": 0.0, "percent_statements_covered_display": "0"}, "missing_lines": [90, 92, 93], "excluded_lines": [], "start_line": 88}, "test_create_user_age_exactly_18": {"executed_lines": [], "summary": {"covered_lines": 0, "num_statements": 5, "percent_covered": 0.0, "percent_covered_display": "0", "missing_lines": 5, "excluded_lines": 0, "percent_statements_covered": 0.0, "percent_statements_covered_display": "0"}, "missing_lines": [98, 104, 106, 107, 108], "excluded_lines": [], "start_line": 96}, "": {"executed_lines": [], "summary": {"covered_lines": 0, "num_statements": 13, "percent_covered": 0.0, "percent_covered_display": "0", "missing_lines": 13, "excluded_lines": 0, "percent_statements_covered": 0.0, "percent_statements_covered_display": "0"}, "missing_lines": [1, 2, 3, 4, 7, 8, 10, 13, 31, 45, 64, 88, 96], "excluded_lines": [], "start_line": 1}}, "classes": {"": {"executed_lines": [], "summary": {"covered_lines": 0, "num_statements": 49, "percent_covered": 0.0, "percent_covered_display": "0", "missing_lines": 49, "excluded_lines": 0, "percent_statements_covered": 0.0, "percent_statements_covered_display": "0"}, "missing_lines": [1, 2, 3, 4, 7, 8, 10, 13, 15, 21, 23, 24, 25, 26, 27, 28, 31, 33, 39, 41, 42, 45, 47, 53, 55, 56, 58, 64, 67, 73, 74, 75, 78, 80, 81, 82, 83, 84, 85, 88, 90, 92, 93, 96, 98, 104, 106, 107, 108], "excluded_lines": [], "start_line": 1}}}, "tests\\test_ws.py": {"executed_lines": [], "summary": {"covered_lines": 0, "num_statements": 41, "percent_covered": 0.0, "percent_covered_display": "0", "missing_lines": 41, "excluded_lines": 0, "percent_statements_covered": 0.0, "percent_statements_covered_display": "0"}, "missing_lines": [2, 3, 4, 5, 7, 9, 15, 17, 18, 19, 20, 21, 22, 23, 24, 26, 27, 29, 30, 31, 32, 33, 35, 36, 37, 38, 39, 41, 42, 43, 44, 45, 46, 47, 48, 49, 50, 51, 52, 54, 55], "excluded_lines": [], "functions": {"test": {"executed_lines": [], "summary": {"covered_lines": 0, "num_statements": 31, "percent_covered": 0.0, "percent_covered_display": "0", "missing_lines": 31, "excluded_lines": 0, "percent_statements_covered": 0.0, "percent_statements_covered_display": "0"}, "missing_lines": [18, 19, 20, 21, 22, 23, 24, 26, 27, 29, 30, 31, 32, 33, 35, 36, 37, 38, 39, 41, 42, 43, 44, 45, 46, 47, 48, 49, 50, 51, 52], "excluded_lines": [], "start_line": 17}, "": {"executed_lines": [], "summary": {"covered_lines": 0, "num_statements": 10, "percent_covered": 0.0, "percent_covered_display": "0", "missing_lines": 10, "excluded_lines": 0, "percent_statements_covered": 0.0, "percent_statements_covered_display": "0"}, "missing_lines": [2, 3, 4, 5, 7, 9, 15, 17, 54, 55], "excluded_lines": [], "start_line": 1}}, "classes": {"": {"executed_lines": [], "summary": {"covered_lines": 0, "num_statements": 41, "percent_covered": 0.0, "percent_covered_display": "0", "missing_lines": 41, "excluded_lines": 0, "percent_statements_covered": 0.0, "percent_statements_covered_display": "0"}, "missing_lines": [2, 3, 4, 5, 7, 9, 15, 17, 18, 19, 20, 21, 22, 23, 24, 26, 27, 29, 30, 31, 32, 33, 35, 36, 37, 38, 39, 41, 42, 43, 44, 45, 46, 47, 48, 49, 50, 51, 52, 54, 55], "excluded_lines": [], "start_line": 1}}}, "tools\\__init__.py": {"executed_lines": [], "summary": {"covered_lines": 0, "num_statements": 2, "percent_covered": 0.0, "percent_covered_display": "0", "missing_lines": 2, "excluded_lines": 0, "percent_statements_covered": 0.0, "percent_statements_covered_display": "0"}, "missing_lines": [4, 49], "excluded_lines": [], "functions": {"": {"executed_lines": [], "summary": {"covered_lines": 0, "num_statements": 2, "percent_covered": 0.0, "percent_covered_display": "0", "missing_lines": 2, "excluded_lines": 0, "percent_statements_covered": 0.0, "percent_statements_covered_display": "0"}, "missing_lines": [4, 49], "excluded_lines": [], "start_line": 1}}, "classes": {"": {"executed_lines": [], "summary": {"covered_lines": 0, "num_statements": 2, "percent_covered": 0.0, "percent_covered_display": "0", "missing_lines": 2, "excluded_lines": 0, "percent_statements_covered": 0.0, "percent_statements_covered_display": "0"}, "missing_lines": [4, 49], "excluded_lines": [], "start_line": 1}}}}, "totals": {"covered_lines": 367, "num_statements": 11409, "percent_covered": 3.2167586992725044, "percent_covered_display": "3", "missing_lines": 11042, "excluded_lines": 8, "percent_statements_covered": 3.2167586992725044, "percent_statements_covered_display": "3"}}